106 9 4 3.000000 0.654394
107 10 4 3.000000 0.617289
108 12 4 2.828427 0.613992
111 8 5 3.000000 0.686262
111 9 5 3.000000 0.641332
112 10 5 3.000000 0.617783
111 11 5 3.162278 0.633574
109 13 5 2.828427 0.634400
109 5 6 3.464102 0.721496
113 12 6 3.464102 0.652250
110 13 6 3.162278 0.689585
115 13 6 2.828427 0.617486
109 4 7 3.162278 0.624724
110 4 7 3.316625 0.643200
111 4 7 3.316625 0.631835
114 7 7 3.464102 0.612249
115 11 7 3.605551 0.741046
110 14 7 2.828427 0.625210
109 4 8 2.828427 0.610380
115 6 8 4.123106 0.807380
116 8 8 3.605551 0.619857
116 9 8 3.605551 0.668629
116 10 8 3.605551 0.743845
110 15 8 2.828427 0.830056
114 4 9 3.605551 0.605665
115 5 9 4.123106 0.776800
116 5 9 4.000000 0.762513
116 6 9 4.000000 0.713689
116 9 10 3.000000 0.622964
116 4 11 2.828427 0.638970
114 13 11 2.236068 0.726988
114 14 12 2.000000 0.640395
113 16 12 2.236068 0.716046
112 18 12 2.236068 0.737041
113 18 13 2.236068 0.602141
114 18 14 2.236068 0.669629
114 19 15 2.449490 0.653939
112 21 15 2.828427 0.774204
113 21 16 3.000000 0.724621
112 22 16 2.828427 0.623943
113 22 17 3.000000 0.622284
112 23 17 3.000000 0.671566
112 24 17 2.828427 0.685083
113 41 17 2.236068 0.641295
114 42 17 2.449490 0.815131
114 19 18 2.449490 0.699383
113 21 18 3.000000 0.629136
112 24 18 3.000000 0.614835
112 25 18 3.000000 0.672551
112 26 18 3.000000 0.707252
112 27 18 3.000000 0.734491
112 28 18 3.000000 0.704284
112 29 18 3.000000 0.700809
111 30 18 2.828427 0.690859
113 42 18 2.828427 0.749988
112 43 18 2.828427 0.685420
111 44 18 2.828427 0.667468
113 21 19 3.000000 0.605607
112 25 19 3.162278 0.607419
112 29 19 3.316625 0.610695
112 26 20 3.605551 0.635694
112 29 20 3.741657 0.651136
118 40 20 2.000000 0.679549
113 22 21 3.316625 0.636659
112 26 21 4.123106 0.736454
112 27 21 4.123106 0.628193
112 28 21 4.242640 0.656529
111 32 21 3.464102 0.620629
111 35 21 2.828427 0.622209
111 36 21 2.828427 0.684194
103 57 21 8.124039 0.639659
113 23 22 3.605551 0.697261
112 24 22 4.000000 0.727108
112 26 22 4.472136 0.788733
112 27 22 4.472136 0.658930
112 28 22 4.582576 0.700241
112 29 22 4.690416 0.839755
113 29 22 4.123106 0.609149
111 31 22 4.242640 0.726928
116 41 22 2.828427 0.613908
112 25 23 4.123106 0.667433
112 26 23 4.472136 0.816672
112 27 23 4.472136 0.701969
111 31 23 4.358899 0.779837
110 32 23 4.000000 0.632788
110 33 24 4.000000 0.647201
110 34 24 4.123106 0.685628
141 84 24 2.828427 0.615406
111 25 25 3.000000 0.627799
110 34 25 4.123106 0.696413
110 35 25 4.472136 0.778165
108 37 25 4.123106 0.607820
110 37 25 4.898980 0.620397
116 40 25 3.605551 0.603520
112 41 25 5.830952 0.671991
103 57 25 10.344080 0.603092
133 84 25 2.828427 0.620271
140 84 25 3.605551 0.740637
110 29 26 2.828427 0.617960
110 36 26 4.582576 0.617827
110 38 26 5.385165 0.600443
110 39 26 5.830952 0.673796
111 39 26 5.830952 0.633832
111 40 26 6.324555 0.726885
111 41 26 6.403124 0.604173
134 84 26 3.605551 0.675107
110 41 27 6.708204 0.627076
111 41 27 6.708204 0.656883
109 34 28 3.000000 0.630262
107 53 28 12.767145 0.749859
108 53 28 12.206555 0.650764
110 53 28 11.000000 0.648458
111 53 28 10.344080 0.620065
128 84 28 3.605551 0.789958
136 84 28 5.000000 0.602178
137 84 28 5.000000 0.696804
142 84 28 4.123106 0.632569
109 45 29 8.485281 0.610691
106 52 29 12.727922 0.638720
105 53 29 13.076696 0.638947
105 54 29 13.341664 0.823131
104 55 29 13.038404 0.656977
103 56 29 12.688578 0.613901
140 83 29 5.000000 0.663775
136 84 29 5.656854 0.752475
145 86 29 4.358899 0.722769
116 39 30 3.000000 0.668138
110 42 30 7.000000 0.660333
107 49 30 11.180340 0.609487
104 52 30 12.569805 0.600393
104 54 30 13.076696 0.630741
103 55 30 13.076696 0.742354
102 56 30 12.688578 0.667112
102 57 30 12.649111 0.806918
102 58 30 12.206555 0.660265
101 59 30 11.874342 0.637398
100 61 30 11.489125 0.653168
145 86 30 4.690416 0.662543
112 40 31 5.000000 0.629529
101 53 31 12.083046 0.606228
102 53 31 12.649111 0.805977
101 57 31 12.000000 0.613367
100 61 31 11.704700 0.692203
99 63 31 11.661903 0.640534
145 86 31 5.099020 0.748639
99 64 32 12.000000 0.715311
135 84 32 7.071068 0.765228
98 66 33 12.688578 0.757851
97 67 33 12.884099 0.750961
98 67 33 12.767145 0.761462
97 68 33 12.688578 0.662627
138 82 33 7.211102 0.634981
139 82 33 7.141428 0.707010
140 82 33 7.071068 0.802396
141 82 33 6.708204 0.630664
130 83 33 6.403124 0.648915
96 68 34 12.961481 0.836843
96 69 34 12.688578 0.736695
154 78 34 2.828427 0.670936
137 82 34 7.681146 0.699634
143 83 34 6.403124 0.668915
144 83 34 6.557438 0.740492
145 84 34 6.480741 0.675938
123 85 34 4.123106 0.687417
95 68 35 12.688578 0.685774
95 69 35 12.688578 0.603132
135 82 35 8.000000 0.670262
136 82 35 7.874008 0.673860
133 83 35 8.062258 0.687221
134 83 35 8.306623 0.785599
135 83 35 8.366600 0.865590
123 85 35 4.472136 0.613467
94 69 36 12.688578 0.656301
93 71 36 12.529964 0.757326
130 82 36 7.810250 0.624768
131 82 36 8.000000 0.736918
147 82 36 6.403124 0.655744
147 83 36 6.708204 0.680293
137 84 36 7.071068 0.709794
121 85 36 4.123106 0.633800
146 85 36 6.928203 0.709748
92 69 37 12.206555 0.607512
93 69 37 12.449900 0.679233
92 72 37 11.874342 0.685291
120 77 37 2.828427 0.703955
152 80 37 5.099020 0.615631
151 81 37 5.744563 0.635377
128 82 37 7.810250 0.650596
129 82 37 8.000000 0.705925
130 82 37 8.000000 0.725260
139 85 37 5.830952 0.682836
91 69 38 12.041595 0.780305
120 77 38 3.000000 0.608408
145 78 38 4.000000 0.611748
128 82 38 8.062258 0.650897
129 82 38 8.000000 0.661176
150 82 38 6.708204 0.703525
119 87 38 4.123106 0.687083
147 87 38 7.549834 0.772486
90 69 39 11.575837 0.621558
89 74 39 10.677078 0.628813
143 77 39 3.000000 0.611136
138 78 39 4.000000 0.675861
127 82 39 8.246211 0.702579
128 82 39 8.062258 0.628427
150 82 39 6.708204 0.637915
150 83 39 7.000000 0.639291
130 84 39 7.280110 0.632901
148 87 39 7.681146 0.685005
142 88 39 5.099020 0.612748
147 88 39 7.681146 0.663227
88 68 40 10.770329 0.636885
89 69 40 11.180340 0.631313
88 75 40 10.440307 0.660339
140 77 40 3.000000 0.658370
138 78 40 3.464102 0.601203
85 81 40 8.000000 0.724692
157 82 40 5.000000 0.661059
130 86 40 6.403124 0.675350
147 89 40 8.062258 0.923456
88 70 41 10.816654 0.667315
73 73 41 2.236068 0.646359
88 73 41 10.677078 0.635284
87 76 41 10.295630 0.772876
139 77 41 2.828427 0.640745
86 79 41 9.000000 0.692867
126 82 41 8.306623 0.690988
126 83 41 8.602325 0.824264
151 84 41 7.615773 0.646537
87 71 42 10.677078 0.756592
87 72 42 10.630146 0.640661
87 73 42 10.677078 0.714386
86 77 42 9.695360 0.619730
126 84 42 8.485281 0.625011
155 84 42 6.928203 0.609440
129 88 42 5.916080 0.607117
148 89 42 8.246211 0.636341
86 72 43 10.630146 0.797475
86 73 43 10.677078 0.794275
86 74 43 10.440307 0.640675
84 81 43 7.549834 0.643141
125 83 43 8.660254 0.679636
125 84 43 8.831760 0.620096
151 86 43 8.602325 0.675615
148 89 43 8.485281 0.665099
85 73 44 10.440307 0.745453
85 76 44 9.797959 0.620302
114 76 44 3.741657 0.631789
114 78 44 4.582576 0.650488
115 78 44 4.690416 0.650888
114 79 44 4.898980 0.663625
115 79 44 5.000000 0.633328
83 83 44 6.324555 0.659740
125 84 44 9.000000 0.620802
125 85 44 9.110434 0.784925
154 85 44 8.062258 0.681133
81 86 44 4.123106 0.612297
115 87 44 6.403124 0.668344
114 88 44 6.324555 0.612797
112 75 45 3.000000 0.677746
115 80 45 5.385165 0.640104
114 81 45 5.385165 0.612954
125 85 45 9.055386 0.624994
80 87 45 3.605551 0.642968
114 87 45 7.000000 0.665737
83 74 46 9.899495 0.630824
84 74 46 10.049875 0.621635
111 74 46 2.236068 0.629941
84 76 46 9.643651 0.620382
118 77 46 4.123106 0.643641
112 82 46 5.000000 0.620950
114 84 46 6.633250 0.668543
123 84 46 9.000000 0.677547
114 85 46 7.000000 0.621882
114 86 46 7.280110 0.633762
152 86 46 9.380832 0.768221
113 88 46 7.141428 0.683380
81 74 47 9.273619 0.625214
125 84 47 9.000000 0.641871
116 85 47 7.549834 0.680672
117 85 47 7.549834 0.600526
80 88 47 3.000000 0.664062
113 88 47 7.280110 0.601422
83 75 48 9.899495 0.626849
122 84 48 9.055386 0.645253
125 86 48 9.000000 0.614559
114 87 48 7.681146 0.651191
81 75 49 9.848858 0.630743
82 75 49 9.899495 0.633269
82 76 49 9.848858 0.627691
121 84 49 9.165152 0.738712
122 84 49 9.165152 0.617796
124 85 49 9.433981 0.695728
150 86 49 9.797959 0.600604
150 87 49 10.246951 0.671022
113 88 49 7.810250 0.605574
148 89 49 10.295630 0.619913
80 91 49 2.236068 0.630118
77 74 50 8.602325 0.664087
78 74 50 9.000000 0.620635
81 75 50 10.000000 0.740999
123 85 50 9.380832 0.646234
125 87 50 9.219544 0.840232
113 88 50 8.124039 0.652056
149 88 50 10.816654 0.732244
148 89 50 10.630146 0.636421
81 94 50 2.236068 0.602833
78 74 51 9.219544 0.604316
80 75 51 10.049875 0.754799
121 85 51 9.433981 0.612406
123 86 51 9.380832 0.621961
114 88 51 8.246211 0.607493
149 88 51 10.816654 0.663198
148 89 51 10.862781 0.629570
137 90 51 3.741657 0.608568
82 93 51 3.000000 0.773718
78 74 52 9.273619 0.659396
79 75 52 9.848858 0.711603
80 75 52 9.848858 0.657629
80 76 52 9.848858 0.665075
82 79 52 9.000000 0.607179
82 80 52 8.774964 0.640808
148 88 52 10.862781 0.667179
112 89 52 8.774964 0.678612
135 89 52 3.741657 0.661602
148 89 52 11.180340 0.850948
148 90 52 10.770329 0.628009
82 93 52 3.162278 0.646323
81 94 52 2.828427 0.783156
108 75 53 2.236068 0.619812
80 77 53 9.695360 0.759105
107 78 53 3.000000 0.606909
82 80 53 9.110434 0.775524
93 86 53 5.000000 0.614800
94 86 53 4.898980 0.738554
120 86 53 9.949874 0.724192
93 87 53 5.000000 0.627639
111 89 53 9.000000 0.760197
112 89 53 9.055386 0.719378
148 90 53 10.954452 0.729175
81 93 53 3.000000 0.601653
175 64 54 4.898980 0.642331
108 76 54 2.828427 0.642429
80 78 54 9.380832 0.693009
81 79 54 9.165152 0.615388
92 84 54 5.385165 0.699646
93 84 54 5.099020 0.677801
99 86 54 2.236068 0.731388
120 86 54 10.049875 0.621215
99 87 54 2.236068 0.625925
116 88 54 9.433981 0.609190
110 89 54 8.831760 0.618587
147 89 54 11.000000 0.776435
174 63 55 5.385165 0.680285
82 81 55 9.110434 0.724072
142 81 55 5.744563 0.722454
143 83 55 7.000000 0.703754
91 84 55 5.744563 0.617656
143 85 55 7.810250 0.626784
119 87 55 10.488089 0.729783
145 89 55 10.049875 0.617598
146 89 55 10.677078 0.739195
148 91 55 10.630146 0.709680
173 74 56 7.810250 0.603898
109 76 56 3.605551 0.664366
94 80 56 2.828427 0.611453
90 84 56 6.324555 0.654212
119 87 56 10.723805 0.685431
120 87 56 10.630146 0.744528
146 89 56 10.392304 0.618766
148 91 56 10.488089 0.634111
172 53 57 4.898980 0.682941
174 63 57 6.403124 0.650939
109 77 57 4.242640 0.638476
83 83 57 9.000000 0.684569
119 87 57 11.045361 0.820646
120 87 57 10.630146 0.629764
111 88 57 10.049875 0.755491
116 88 57 10.770329 0.717169
108 90 57 8.485281 0.692606
146 90 57 10.344080 0.696234
148 92 57 10.344080 0.607084
171 53 58 4.898980 0.734499
174 54 58 5.656854 0.752995
119 78 58 5.000000 0.627436
120 87 58 10.630146 0.668716
111 88 58 10.198039 0.621934
116 88 58 10.954452 0.620325
88 90 58 8.544003 0.601467
102 92 58 5.000000 0.611644
148 92 58 10.440307 0.710184
172 54 59 5.385165 0.651579
174 55 59 6.164414 0.729075
174 63 59 7.280110 0.677362
175 65 59 7.810250 0.633731
173 74 59 9.643651 0.645003
83 84 59 9.165152 0.637415
84 85 59 9.486833 0.621005
87 85 59 9.055386 0.610244
85 86 59 9.797959 0.681950
121 87 59 10.049875 0.660378
117 88 59 11.000000 0.611002
118 88 59 10.954452 0.717569
87 89 59 9.273619 0.641362
146 91 59 10.099504 0.648936
148 93 59 10.246951 0.691395
171 54 60 5.000000 0.646397
175 56 60 6.708204 0.644749
175 57 60 6.708204 0.630343
175 64 60 8.062258 0.663611
174 70 60 8.602325 0.628467
79 81 60 8.831760 0.690349
85 86 60 10.049875 0.713073
86 87 60 10.198039 0.747232
113 87 60 11.357817 0.639794
116 88 60 11.045361 0.684748
108 91 60 8.602325 0.698445
147 92 60 10.440307 0.756471
171 54 61 5.000000 0.706861
175 56 61 7.000000 0.748169
176 56 61 7.000000 0.629010
176 65 61 8.660254 0.742443
174 74 61 10.488089 0.659392
174 75 61 10.677078 0.770533
82 84 61 9.000000 0.610382
112 85 61 10.630146 0.609282
86 87 61 10.440307 0.867497
146 92 61 10.049875 0.601423
147 92 61 10.246951 0.664423
148 94 61 9.899495 0.679132
177 57 62 7.483315 0.651978
177 62 62 7.874008 0.692908
177 63 62 8.062258 0.623265
177 65 62 8.774964 0.638235
177 68 62 9.165152 0.641598
175 74 62 10.677078 0.618052
98 80 62 2.236068 0.674131
111 84 62 10.198039 0.622334
84 86 62 9.695360 0.634420
86 87 62 10.246951 0.650193
113 88 62 11.575837 0.632479
147 93 62 10.198039 0.638912
148 94 62 9.899495 0.644280
172 54 63 4.898980 0.627366
174 55 63 5.830952 0.627410
177 57 63 7.549834 0.641497
178 58 63 8.062258 0.733819
178 59 63 8.062258 0.686948
178 66 63 9.273619 0.816724
178 69 63 9.433981 0.637911
177 71 63 9.899495 0.672396
176 74 63 10.816654 0.689839
175 75 63 11.000000 0.648176
175 76 63 11.000000 0.663279
79 82 63 8.485281 0.697367
85 87 63 10.099504 0.609123
87 88 63 10.295630 0.675462
117 89 63 10.295630 0.656529
118 89 63 9.848858 0.620886
88 90 63 9.848858 0.689212
146 93 63 9.899495 0.600251
151 96 63 8.062258 0.617067
179 59 64 8.306623 0.607036
179 64 64 8.602325 0.744754
178 67 64 9.055386 0.655214
178 71 64 9.899495 0.693435
177 73 64 10.392304 0.649259
176 75 64 11.000000 0.667894
175 77 64 11.000000 0.648045
79 82 64 8.062258 0.616014
111 85 64 10.677078 0.631110
163 85 64 3.605551 0.638720
85 87 64 10.198039 0.689651
112 88 64 11.874342 0.643102
115 89 64 10.954452 0.607122
143 92 64 8.306623 0.690764
147 94 64 9.899495 0.611477
180 60 65 8.602325 0.681946
181 60 65 8.544003 0.674290
182 60 65 8.306623 0.775326
183 60 65 7.681146 0.614347
180 62 65 8.602325 0.753732
178 72 65 9.949874 0.695330
176 76 65 11.090536 0.677301
175 77 65 11.180340 0.706611
175 78 65 11.045361 0.659894
110 84 65 10.049875 0.605837
111 86 65 11.000000 0.602200
86 88 65 10.344080 0.642619
88 89 65 10.488089 0.702645
147 94 65 9.899495 0.737175
149 95 65 9.433981 0.605019
170 53 66 3.000000 0.650063
172 54 66 4.000000 0.623415
185 59 66 6.403124 0.606230
184 60 66 7.071068 0.610436
181 61 66 8.485281 0.655829
178 73 66 9.848858 0.650306
100 76 66 3.741657 0.654236
177 76 66 10.816654 0.663131
101 77 66 4.123106 0.638529
176 77 66 11.090536 0.606766
175 78 66 11.224972 0.714350
175 79 66 11.045361 0.618741
80 84 66 8.124039 0.647664
84 87 66 10.049875 0.630163
90 90 66 10.049875 0.657395
100 93 66 7.874008 0.606224
104 93 66 9.273619 0.675136
144 93 66 8.544003 0.609667
145 94 66 9.110434 0.639640
149 95 66 9.486833 0.615249
187 56 67 4.242640 0.600569
179 67 67 8.000000 0.661644
179 68 67 8.062258 0.618616
100 76 67 4.000000 0.682021
177 77 67 10.954452 0.753285
176 78 67 11.180340 0.666637
175 79 67 11.180340 0.635362
175 80 67 11.045361 0.617633
84 87 67 10.099504 0.702299
90 90 67 10.246951 0.642329
110 90 67 12.083046 0.622315
111 90 67 12.247449 0.616077
112 90 67 12.328828 0.755740
113 90 67 12.041595 0.718094
149 95 67 9.539392 0.664169
181 62 68 7.810250 0.679731
180 64 68 7.549834 0.711598
100 76 68 4.000000 0.686557
101 77 68 4.582576 0.695575
176 79 68 11.180340 0.612248
175 80 68 11.180340 0.618979
175 81 68 11.000000 0.618964
171 83 68 9.219544 0.672464
84 87 68 10.049875 0.684060
110 90 68 12.247449 0.649061
148 95 68 9.433981 0.688266
149 95 68 9.486833 0.637548
151 96 68 9.000000 0.654470
174 55 69 4.123106 0.600302
189 55 69 2.828427 0.757271
182 62 69 7.071068 0.620428
102 78 69 5.099020 0.690790
176 80 69 11.180340 0.620584
104 83 69 8.124039 0.602616
161 83 69 4.123106 0.650478
104 84 69 8.602325 0.643060
162 84 69 5.000000 0.653839
169 85 69 8.774964 0.697174
84 87 69 10.000000 0.760372
155 87 69 3.000000 0.625862
86 88 69 10.488089 0.734303
87 89 69 10.630146 0.650912
90 90 69 10.488089 0.604053
108 91 69 12.206555 0.677867
111 91 69 12.369317 0.718526
115 91 69 11.045361 0.638988
146 95 69 8.544003 0.676581
149 95 69 9.433981 0.644836
190 55 70 2.000000 0.639553
182 70 70 5.916080 0.619253
176 80 70 11.180340 0.789505
174 83 70 10.677078 0.757692
103 85 70 8.944272 0.698742
163 85 70 5.744563 0.686088
158 88 70 3.464102 0.651578
88 89 70 10.770329 0.760815
157 89 70 3.741657 0.618767
90 90 70 10.723805 0.734439
93 91 70 10.488089 0.603621
107 91 70 12.247449 0.758882
112 92 70 12.083046 0.695548
113 92 70 11.789826 0.635287
114 92 70 11.489125 0.673481
115 92 70 11.000000 0.632090
152 96 70 9.273619 0.611116
173 66 71 2.236068 0.602731
186 70 71 3.464102 0.601838
176 80 71 10.630146 0.601435
175 82 71 10.630146 0.651418
172 85 71 9.848858 0.667941
173 85 71 9.899495 0.615010
164 86 71 6.403124 0.654467
103 87 71 9.899495 0.690225
87 89 71 10.344080 0.697555
88 89 71 10.440307 0.613050
93 91 71 10.816654 0.643222
105 91 71 11.704700 0.622902
106 91 71 12.000000 0.735271
108 92 71 12.206555 0.731410
156 97 71 8.062258 0.622258
178 61 72 5.000000 0.606488
183 63 72 5.830952 0.606244
184 63 72 5.744563 0.669034
183 69 72 4.690416 0.655924
104 77 72 3.605551 0.624725
179 79 72 9.165152 0.605269
170 88 72 9.433981 0.734764
89 89 72 10.246951 0.630521
91 90 72 10.770329 0.798979
93 91 72 10.954452 0.655144
94 91 72 11.090536 0.655919
97 91 72 11.224972 0.686234
98 91 72 11.224972 0.698376
99 91 72 11.180340 0.653887
105 91 72 11.747340 0.688222
107 92 72 11.704700 0.604054
110 93 72 11.747340 0.622181
115 93 72 10.677078 0.686959
152 96 72 9.848858 0.753562
153 96 72 9.539392 0.603790
154 96 72 9.273619 0.628027
176 60 73 4.123106 0.772049
183 69 73 4.123106 0.614189
33 70 73 2.000000 0.620908
178 80 73 9.433981 0.704656
174 84 73 9.899495 0.794544
169 89 73 9.273619 0.619032
93 91 73 10.862781 0.669667
98 91 73 11.532562 0.787518
104 91 73 11.575837 0.666007
106 92 73 11.357817 0.624645
108 93 73 11.489125 0.654800
149 96 73 9.110434 0.657151
152 96 73 9.848858 0.707318
183 62 74 5.000000 0.612350
186 63 74 4.898980 0.697148
173 85 74 9.433981 0.719123
168 90 74 9.273619 0.625674
99 91 74 11.445523 0.605844
103 91 74 11.575837 0.769221
95 92 74 11.180340 0.725786
96 92 74 11.357817 0.757832
107 93 74 11.045361 0.649712
109 94 74 10.954452 0.660829
150 96 74 9.433981 0.610180
152 96 74 9.899495 0.720376
156 96 74 8.944272 0.631958
185 63 75 5.099020 0.712441
29 81 75 9.165152 0.620261
172 86 75 9.219544 0.702606
171 87 75 9.219544 0.666887
170 88 75 9.219544 0.633414
100 91 75 11.532562 0.688970
94 92 75 10.630146 0.693059
106 93 75 10.630146 0.627525
150 96 75 9.433981 0.660072
151 96 75 9.899495 0.835357
152 96 75 10.000000 0.820443
31 72 76 4.242640 0.630865
29 82 76 9.695360 0.661980
30 83 76 9.433981 0.656610
172 86 76 8.944272 0.678805
170 88 76 9.110434 0.626302
169 89 76 9.219544 0.603812
102 92 76 11.180340 0.602097
103 92 76 11.000000 0.630031
159 95 76 9.055386 0.641232
160 95 76 9.000000 0.670602
153 96 76 9.899495 0.795988
154 96 76 9.695360 0.690348
155 96 76 9.486833 0.657488
174 58 77 3.000000 0.665595
176 59 77 3.162278 0.652506
19 62 77 2.828427 0.729851
28 81 77 9.899495 0.709483
29 82 77 9.899495 0.754657
30 84 77 9.380832 0.668134
31 86 77 8.602325 0.688186
32 88 77 7.549834 0.665116
169 89 77 9.165152 0.636802
165 91 77 9.848858 0.694400
166 91 77 10.049875 0.804947
100 92 77 11.575837 0.817962
101 92 77 11.357817 0.736730
102 92 77 11.000000 0.622728
162 93 77 9.273619 0.673600
163 93 77 9.433981 0.730022
161 94 77 9.165152 0.631316
159 95 77 9.433981 0.772461
154 96 77 9.695360 0.737410
147 97 77 7.874008 0.605211
148 97 77 8.485281 0.687101
170 57 78 2.828427 0.613374
193 62 78 4.123106 0.659710
19 63 78 3.605551 0.635387
181 77 78 5.830952 0.646946
26 78 78 9.899495 0.843134
180 78 78 6.164414 0.628462
26 79 78 9.695360 0.626615
27 80 78 9.695360 0.624223
27 83 78 9.000000 0.625561
30 84 78 9.219544 0.663731
30 85 78 9.165152 0.772832
169 89 78 9.000000 0.604595
166 91 78 9.949874 0.728271
164 92 78 9.695360 0.646106
96 93 78 10.295630 0.604687
98 93 78 11.090536 0.645345
99 93 78 11.180340 0.614452
157 95 78 9.433981 0.650067
158 95 78 9.539392 0.715698
154 96 78 9.433981 0.670110
149 97 78 8.774964 0.661019
150 97 78 9.055386 0.602255
174 58 79 3.741657 0.612309
182 59 79 4.242640 0.672794
193 62 79 4.472136 0.677530
192 63 79 4.898980 0.617646
25 66 79 5.744563 0.630580
25 68 79 6.708204 0.617582
25 77 79 9.797959 0.707930
26 77 79 9.695360 0.655490
181 77 79 5.744563 0.602300
168 90 79 9.273619 0.622525
166 91 79 9.695360 0.658189
99 93 79 11.045361 0.747361
161 94 79 8.944272 0.660121
159 95 79 9.219544 0.617813
150 97 79 9.000000 0.726104
151 97 79 9.219544 0.796333
152 97 79 9.055386 0.622775
172 58 80 4.000000 0.662760
176 58 80 4.000000 0.635432
177 58 80 4.000000 0.703425
178 58 80 4.000000 0.748829
179 58 80 4.000000 0.762935
180 58 80 4.000000 0.726648
181 58 80 4.000000 0.704926
182 59 80 4.242640 0.674564
192 63 80 5.196152 0.617890
24 69 80 7.483315 0.624161
24 76 80 9.695360 0.702983
25 76 80 9.899495 0.768502
182 76 80 5.656854 0.650173
167 91 80 9.433981 0.688829
156 96 80 9.000000 0.674992
150 98 80 8.485281 0.672472
171 58 81 4.000000 0.623075
177 58 81 4.000000 0.607348
178 58 81 4.000000 0.720097
183 60 81 4.123106 0.622911
191 64 81 5.830952 0.627355
23 72 81 9.055386 0.629172
23 73 81 9.273619 0.633986
24 75 81 9.695360 0.661990
182 75 81 5.830952 0.648495
167 91 81 9.110434 0.714771
158 96 81 8.717798 0.620540
159 96 81 8.485281 0.616423
177 58 82 4.000000 0.685848
178 58 82 3.741657 0.620513
193 63 82 5.000000 0.609546
22 71 82 9.165152 0.718375
23 73 82 9.433981 0.650870
182 76 82 6.000000 0.614982
23 86 82 5.385165 0.609599
26 88 82 6.403124 0.654810
29 89 82 7.141428 0.620438
167 92 82 8.544003 0.785404
150 99 82 7.483315 0.643442
174 59 83 4.582576 0.750418
175 59 83 4.358899 0.660673
195 62 83 4.000000 0.682766
22 71 83 9.273619 0.675106
23 73 83 9.433981 0.675038
31 80 83 6.403124 0.635117
17 83 83 3.000000 0.602289
20 86 83 4.123106 0.642703
31 90 83 7.071068 0.656299
171 58 84 4.000000 0.735611
175 61 84 3.605551 0.643636
33 81 84 5.385165 0.611295
177 85 84 2.236068 0.610733
19 86 84 3.605551 0.633815
20 87 84 4.123106 0.693253
25 89 84 5.656854 0.603429
28 90 84 6.403124 0.602909
31 91 84 7.071068 0.708544
158 97 84 7.000000 0.603841
172 58 85 4.000000 0.787972
176 62 85 3.464102 0.766729
38 66 85 2.828427 0.683595
22 72 85 9.539392 0.660236
33 80 85 5.385165 0.698277
179 82 85 3.000000 0.744837
23 89 85 5.000000 0.609554
25 90 85 5.656854 0.642082
28 91 85 6.403124 0.626369
31 92 85 7.071068 0.728259
32 92 85 7.071068 0.780507
159 98 85 6.164414 0.601238
35 63 86 2.828427 0.661813
23 72 86 9.433981 0.739598
33 79 86 5.385165 0.690341
25 91 86 5.744563 0.678298
35 91 86 5.656854 0.606795
29 92 86 6.708204 0.636355
34 92 86 6.403124 0.650054
31 93 86 7.000000 0.670748
32 93 86 7.071068 0.685318
14 66 87 8.485281 0.627399
15 68 87 9.000000 0.614738
188 68 87 9.848858 0.641088
27 92 87 6.324555 0.652452
14 67 88 9.055386 0.616570
15 68 88 9.433981 0.664691
19 71 88 9.695360 0.627970
20 90 88 4.123106 0.654668
39 92 88 5.000000 0.670774
33 94 88 7.280110 0.676897
34 94 88 7.280110 0.676836
15 68 89 9.695360 0.643497
19 71 89 9.949874 0.647291
29 74 89 8.062258 0.700562
48 78 89 5.000000 0.653830
28 93 89 6.708204 0.649742
31 94 89 7.000000 0.608596
48 58 90 2.000000 0.611266
49 58 90 2.236068 0.694462
49 59 90 2.236068 0.666306
15 68 90 9.899495 0.600601
20 71 90 10.049875 0.631500
23 71 90 9.899495 0.636372
24 71 90 9.848858 0.684833
186 71 90 12.041595 0.771390
187 71 90 12.041595 0.844816
188 72 90 11.313708 0.659801
190 75 90 9.273619 0.679618
191 76 90 8.485281 0.687925
21 91 90 5.099020 0.679097
23 92 90 5.744563 0.604202
24 92 90 6.000000 0.606076
35 95 90 7.874008 0.672394
36 95 90 8.000000 0.804665
50 58 91 2.236068 0.646611
49 59 91 2.449490 0.677722
15 67 91 9.848858 0.647909
186 71 91 12.041595 0.744426
186 72 91 12.206555 0.829612
33 74 91 7.810250 0.616830
43 88 91 2.449490 0.757230
23 92 91 6.000000 0.601302
27 93 91 7.000000 0.639669
29 94 91 7.280110 0.625511
36 95 91 8.000000 0.608494
33 66 92 7.000000 0.681009
34 66 92 7.071068 0.626475
35 66 92 7.141428 0.641127
16 69 92 10.816654 0.660480
25 71 92 10.198039 0.694783
26 71 92 10.049875 0.706690
185 75 92 11.357817 0.772997
48 81 92 6.403124 0.632736
192 81 92 6.708204 0.709265
23 92 92 6.324555 0.683205
26 93 92 7.071068 0.633720
33 95 92 8.062258 0.654846
49 59 93 2.449490 0.699205
48 60 93 2.449490 0.782727
7 68 93 4.123106 0.698932
37 68 93 8.366600 0.633825
18 70 93 11.357817 0.626890
21 71 93 10.630146 0.643025
22 71 93 10.440307 0.647593
28 72 93 9.949874 0.775361
29 72 93 9.797959 0.716496
185 76 93 11.045361 0.695232
53 85 93 5.385165 0.688937
16 88 93 3.741657 0.620050
21 91 93 5.830952 0.652840
23 92 93 6.403124 0.627182
25 93 93 7.000000 0.645172
26 93 93 7.280110 0.622884
29 94 93 7.874008 0.707534
32 95 93 8.185352 0.704057
33 95 93 8.246211 0.624951
36 96 93 8.306623 0.624556
38 97 93 7.681146 0.665760
39 98 93 7.000000 0.603010
39 68 94 8.544003 0.611178
17 70 94 11.532562 0.770782
37 70 94 9.433981 0.690918
19 71 94 11.180340 0.601407
36 71 94 9.433981 0.642785
26 72 94 9.899495 0.657254
32 72 94 9.643651 0.667706
185 77 94 10.770329 0.624487
185 78 94 10.677078 0.640206
53 84 94 6.164414 0.610180
17 85 94 4.242640 0.636774
17 86 94 4.358899 0.663109
30 94 94 8.124039 0.696915
34 95 94 8.544003 0.631165
46 61 95 3.000000 0.679185
190 63 95 5.000000 0.622241
184 64 95 5.744563 0.607144
40 69 95 9.110434 0.648363
17 70 95 11.357817 0.696854
39 70 95 9.486833 0.622108
37 71 95 9.643651 0.647881
22 72 95 10.295630 0.616771
28 73 95 9.695360 0.607697
185 78 95 10.677078 0.674622
185 79 95 10.677078 0.673015
22 90 95 6.403124 0.651706
35 95 95 8.944272 0.736685
56 54 96 2.236068 0.803069
56 55 96 2.236068 0.790844
54 58 96 2.236068 0.774277
182 60 96 3.605551 0.613404
191 61 96 4.242640 0.668059
184 62 96 5.000000 0.832359
18 72 96 11.401754 0.660160
25 73 96 10.000000 0.624065
26 73 96 9.899495 0.601637
33 73 96 9.899495 0.745744
172 78 96 2.000000 0.634106
185 79 96 10.630146 0.669081
185 80 96 10.862781 0.796441
183 82 96 10.246951 0.775446
28 93 96 8.306623 0.659619
49 98 96 2.000000 0.629678
51 53 97 2.236068 0.684156
53 54 97 3.000000 0.688030
54 54 97 3.000000 0.779097
54 56 97 2.828427 0.794692
184 60 97 4.242640 0.715464
185 60 97 4.242640 0.644743
186 60 97 4.242640 0.655205
187 60 97 4.242640 0.661668
188 60 97 4.242640 0.668267
189 60 97 4.242640 0.673502
190 60 97 4.242640 0.709824
191 60 97 4.123106 0.747305
41 71 97 10.295630 0.620886
18 72 97 11.401754 0.623076
38 72 97 9.949874 0.627803
19 73 97 11.313708 0.630486
22 73 97 10.630146 0.613269
186 74 97 9.219544 0.605925
185 81 97 10.954452 0.775416
182 83 97 9.695360 0.639741
181 84 97 9.165152 0.625169
180 86 97 8.000000 0.624103
22 89 97 7.071068 0.672585
52 53 98 2.828427 0.798577
53 55 98 2.828427 0.642072
188 59 98 4.000000 0.680922
17 71 98 11.357817 0.732380
43 71 98 10.677078 0.609835
18 72 98 11.445523 0.660620
36 73 98 10.049875 0.618066
24 74 98 10.630146 0.655040
29 74 98 10.049875 0.639357
30 74 98 10.000000 0.624218
31 74 98 10.000000 0.605609
33 74 98 10.198039 0.678909
49 78 98 11.000000 0.605504
185 80 98 10.488089 0.600330
185 81 98 10.816654 0.649102
52 53 99 2.828427 0.908467
53 56 99 2.236068 0.644571
188 59 99 3.605551 0.680644
51 65 99 5.000000 0.643192
17 71 99 11.313708 0.619829
43 72 99 11.357817 0.642821
185 81 99 10.770329 0.653649
185 82 99 10.770329 0.634451
35 94 99 10.630146 0.636036
40 97 99 8.944272 0.686718
51 67 100 6.324555 0.604384
19 73 100 11.704700 0.625126
41 73 100 11.445523 0.626329
44 73 100 12.041595 0.653213
36 74 100 10.770329 0.616843
27 75 100 11.000000 0.621398
52 79 100 10.954452 0.653034
185 81 100 10.770329 0.718678
185 82 100 10.816654 0.662958
41 98 100 8.485281 0.601858
12 61 101 5.830952 0.613408
45 74 101 12.688578 0.606743
22 75 101 12.083046 0.604864
50 78 101 12.041595 0.600118
185 80 101 10.344080 0.600305
185 83 101 10.630146 0.666981
36 94 101 11.704700 0.681099
42 99 101 8.062258 0.675274
10 61 102 5.385165 0.674286
16 70 102 11.532562 0.616282
20 74 102 12.369317 0.626836
40 74 102 12.083046 0.624753
44 74 102 13.000000 0.607802
48 77 102 13.304134 0.640382
186 82 102 10.723805 0.638038
36 94 102 12.083046 0.657835
9 61 103 5.000000 0.633358
46 75 103 13.928389 0.632787
34 76 103 12.328828 0.643845
186 81 103 10.630146 0.673442
33 93 103 12.688578 0.618417
16 69 104 11.575837 0.601712
47 76 104 14.594520 0.681407
186 78 104 9.848858 0.630333
59 83 104 10.198039 0.652315
178 90 104 7.810250 0.634738
35 93 104 13.341664 0.665342
43 100 104 7.874008 0.638449
18 72 105 12.884099 0.653864
22 76 105 13.928389 0.641081
46 76 105 15.033297 0.699670
47 76 105 14.899665 0.663710
49 76 105 14.317822 0.624713
52 77 105 13.453624 0.672213
59 83 105 10.198039 0.643872
182 87 105 9.110434 0.600440
40 98 105 9.899495 0.614999
193 72 106 4.123106 0.617543
20 74 106 13.453624 0.605296
21 75 106 13.892444 0.677140
22 76 106 14.317822 0.704773
55 79 106 12.727922 0.694004
185 80 106 10.198039 0.714538
185 84 106 10.630146 0.694516
34 92 106 14.628738 0.678965
53 78 107 13.490738 0.617796
55 79 107 12.767145 0.601288
185 81 107 10.440307 0.687024
185 84 107 10.862781 0.673433
36 88 107 14.317822 0.642310
34 91 107 15.066519 0.724730
34 92 107 14.866069 0.670376
38 97 107 11.180340 0.650581
7 60 108 3.000000 0.610245
19 71 108 13.304134 0.651756
24 77 108 15.556349 0.646398
44 77 108 16.340136 0.723801
50 77 108 14.798649 0.646646
25 78 108 16.031219 0.723522
185 81 108 10.440307 0.643970
185 82 108 10.770329 0.630060
185 84 108 11.180340 0.694330
36 86 108 14.966630 0.707555
35 88 108 14.764823 0.611853
32 91 108 15.394804 0.720273
177 91 108 9.110434 0.634010
176 93 108 8.602325 0.608424
175 94 108 8.306623 0.693604
21 73 109 14.035668 0.609568
42 77 109 16.763054 0.607067
43 77 109 16.763054 0.723017
50 77 109 15.033297 0.690173
55 79 109 12.961481 0.627473
185 85 109 11.357817 0.609206
181 88 109 10.295630 0.604720
179 89 109 9.848858 0.630110
30 90 109 15.905973 0.758663
175 93 109 8.774964 0.743587
13 67 110 9.486833 0.600902
20 71 110 13.928389 0.648600
42 77 110 17.088007 0.704973
39 78 110 17.464249 0.789097
40 78 110 17.291616 0.696871
53 78 110 14.000000 0.644509
38 79 110 17.262676 0.608393
36 80 110 17.233688 0.646330
28 87 110 16.401220 0.644793
29 88 110 16.340136 0.652990
180 88 110 10.392304 0.653527
178 89 110 9.695360 0.684777
177 90 110 9.273619 0.679790
175 93 110 8.366600 0.617035
36 96 110 12.041595 0.613027
5 58 111 2.828427 0.606785
47 76 111 16.155495 0.681255
41 77 111 17.204651 0.629786
51 77 111 15.000000 0.706991
37 78 111 17.606817 0.660957
27 79 111 17.972200 0.643883
34 79 111 17.972200 0.780670
28 85 111 16.970562 0.622393
184 85 111 12.083046 0.628506
28 86 111 16.763054 0.639256
28 87 111 16.552946 0.678695
181 87 111 10.954452 0.729993
4 58 112 2.828427 0.626554
20 70 112 14.317822 0.703930
21 71 112 14.730920 0.636081
43 76 112 17.000000 0.727894
44 76 112 16.822603 0.731411
45 76 112 16.583124 0.702541
46 76 112 16.309507 0.612026
48 76 112 15.937377 0.646279
49 76 112 15.620500 0.608679
38 77 112 17.464249 0.683657
52 77 112 14.696939 0.664600
34 78 112 17.916473 0.602297
54 78 112 13.928389 0.719408
30 79 112 18.601076 0.620237
31 79 112 18.601076 0.804590
57 80 112 12.328828 0.661657
58 81 112 11.575837 0.610542
28 82 112 18.165901 0.681732
59 82 112 10.770329 0.630600
28 83 112 17.804493 0.686550
28 84 112 17.378147 0.621511
184 84 112 12.409674 0.657541
183 85 112 12.000000 0.619140
185 85 112 12.041595 0.649526
182 86 112 11.357817 0.614694
21 70 113 14.798649 0.700988
39 76 113 17.320509 0.643148
35 77 113 17.804493 0.646954
53 77 113 14.317822 0.623220
28 79 113 19.052559 0.645380
29 79 113 19.104973 0.652660
56 79 113 12.884099 0.604234
28 80 113 19.026299 0.725887
184 84 113 12.529964 0.755545
5 59 114 4.000000 0.608490
7 60 114 5.000000 0.630705
13 64 114 9.000000 0.609452
41 75 114 17.233688 0.700153
42 75 114 17.117243 0.679499
49 75 114 15.652476 0.691770
36 76 114 17.691807 0.634413
52 76 114 14.696939 0.671724
32 77 114 18.384777 0.606667
54 77 114 13.928389 0.654141
28 78 114 19.131126 0.621885
28 79 114 19.131126 0.659927
27 82 114 17.972200 0.666956
184 83 114 12.000000 0.622664
184 84 114 12.328828 0.703019
27 91 114 14.352700 0.683180
176 93 114 7.141428 0.649486
32 97 114 11.357817 0.614210
43 74 115 16.881943 0.653543
37 75 115 17.691807 0.751564
38 75 115 17.464249 0.669447
39 75 115 17.262676 0.601130
50 75 115 15.132746 0.680758
33 76 115 18.384777 0.656319
28 78 115 19.339079 0.702612
27 81 115 18.138357 0.606966
184 83 115 11.874342 0.668008
184 84 115 12.083046 0.635471
184 85 115 12.206555 0.793678
181 88 115 10.049875 0.607727
27 92 115 13.638182 0.619876
176 93 115 7.071068 0.607944
33 98 115 10.488089 0.609283
79 106 115 7.000000 0.660272
97 110 115 8.062258 0.613418
6 60 116 5.000000 0.612744
43 74 116 16.673332 0.612722
44 74 116 16.643316 0.727875
45 74 116 16.278820 0.601338
34 75 116 18.384777 0.798096
35 75 116 17.972200 0.650959
50 75 116 14.730920 0.619287
53 76 116 14.071247 0.661122
28 77 116 19.646883 0.782272
55 77 116 13.341664 0.637730
27 80 116 18.357559 0.603664
184 85 116 12.083046 0.732281
26 89 116 14.456832 0.614501
78 108 116 8.124039 0.623586
6 60 117 5.000000 0.623909
7 61 117 5.744563 0.640895
43 74 117 16.248077 0.617280
31 75 117 19.104973 0.640800
32 75 117 18.867962 0.699257
33 75 117 18.466185 0.616083
28 76 117 19.824228 0.740614
53 76 117 13.747727 0.684938
54 76 117 13.490738 0.604446
27 79 117 18.681541 0.622637
26 90 117 13.747727 0.608676
78 109 117 8.602325 0.624589
9 62 118 7.000000 0.698965
11 63 118 8.000000 0.656275
42 74 118 15.842979 0.614269
28 75 118 19.874607 0.774170
29 75 118 19.849434 0.798853
30 75 118 19.416489 0.644075
27 78 118 19.052559 0.701645
25 84 118 16.583124 0.626473
181 89 118 10.246951 0.660428
79 109 118 9.273619 0.843555
10 63 119 7.549834 0.642781
19 68 119 13.038404 0.618472
28 75 119 19.697716 0.659996
56 77 119 12.369317 0.668757
26 79 119 18.411953 0.651527
26 80 119 18.138357 0.676373
184 86 119 12.041595 0.698827
183 87 119 11.575837 0.624899
77 108 119 8.246211 0.628089
96 110 119 10.295630 0.620332
97 110 119 9.848858 0.601779
30 74 120 18.708286 0.606462
39 74 120 15.427249 0.611426
57 77 120 11.704700 0.624458
25 81 120 17.578396 0.654737
25 82 120 17.291616 0.698566
184 86 120 12.124355 0.654853
69 105 120 7.000000 0.767634
73 106 120 7.348469 0.662575
94 109 120 11.180340 0.618929
27 74 121 19.000000 0.607862
28 74 121 19.000000 0.638660
57 77 121 11.224972 0.601404
185 85 121 12.409674 0.649155
184 86 121 12.247449 0.626187
182 88 121 11.489125 0.638708
81 90 121 3.000000 0.670601
178 92 121 9.433981 0.608543
68 105 121 7.000000 0.688507
72 105 121 7.549834 0.630068
83 108 121 11.045361 0.739955
94 109 121 11.747340 0.664362
20 69 122 14.000000 0.600978
27 74 122 19.000000 0.750332
26 76 122 18.466185 0.609909
185 84 122 12.688578 0.694614
185 85 122 12.688578 0.680294
183 87 122 12.041595 0.613145
182 88 122 11.661903 0.630572
181 89 122 11.180340 0.628856
180 90 122 10.630146 0.625619
83 91 122 4.123106 0.629456
65 104 122 7.280110 0.691876
67 105 122 7.000000 0.647599
68 105 122 7.141428 0.744158
87 108 122 12.083046 0.658407
88 108 122 12.165525 0.658452
89 108 122 12.206555 0.688259
94 109 122 12.206555 0.689906
11 63 123 7.000000 0.617179
26 74 123 18.708286 0.647644
24 79 123 17.233688 0.629219
185 84 123 13.000000 0.696832
84 92 123 4.898980 0.643781
178 92 123 9.899495 0.613557
84 93 123 5.000000 0.637094
176 94 123 9.000000 0.674733
72 105 123 7.810250 0.630779
73 105 123 8.246211 0.796361
91 108 123 12.727922 0.601400
32 73 124 16.401220 0.646866
33 73 124 16.062378 0.630006
34 73 124 15.684387 0.622079
26 74 124 18.761663 0.785725
24 78 124 17.349352 0.603647
185 83 124 13.152946 0.606123
185 84 124 13.341664 0.768413
84 91 124 4.898980 0.646934
178 92 124 10.000000 0.636599
62 103 124 9.000000 0.758897
66 104 124 7.348469 0.607861
74 105 124 8.544003 0.651617
85 107 124 12.727922 0.682811
93 108 124 13.304134 0.678570
25 74 125 18.357559 0.619175
25 75 125 18.357559 0.696545
24 77 125 17.578396 0.640301
186 79 125 11.661903 0.614087
185 82 125 13.416408 0.877371
185 83 125 13.453624 0.754132
185 84 125 13.453624 0.819971
56 87 125 2.828427 0.705286
56 88 125 2.236068 0.661728
84 91 125 5.000000 0.648131
178 92 125 9.899495 0.621077
62 103 125 9.380832 0.821178
69 104 125 7.141428 0.629587
70 104 125 7.280110 0.641203
76 105 125 9.219544 0.652837
86 107 125 13.453624 0.727910
93 108 125 13.601471 0.688575
25 74 126 18.220867 0.608732
189 77 126 9.848858 0.689977
188 78 126 10.630146 0.606439
186 82 126 13.266500 0.785804
186 83 126 13.190906 0.601548
84 91 126 5.000000 0.634167
178 92 126 9.643651 0.626165
61 103 126 9.433981 0.638088
62 103 126 9.433981 0.636909
95 108 126 13.304134 0.623089
107 112 126 10.630146 0.638891
28 73 127 17.088007 0.619122
25 74 127 18.138357 0.720728
186 83 127 13.038404 0.679985
84 91 127 5.000000 0.638902
61 103 127 9.899495 0.867830
73 104 127 8.602325 0.615223
82 105 127 12.000000 0.611277
86 106 127 14.142136 0.691375
94 107 127 13.928389 0.614775
97 108 127 13.038404 0.609406
5 60 128 4.000000 0.619899
9 62 128 6.000000 0.618019
25 74 128 18.055470 0.813799
24 76 128 17.349352 0.656977
84 91 128 5.000000 0.670926
178 93 128 8.602325 0.624316
58 102 128 9.165152 0.641599
61 103 128 9.899495 0.713861
86 106 128 14.282857 0.647979
104 110 128 12.083046 0.706666
106 111 128 11.489125 0.680377
6 61 129 5.000000 0.753374
8 62 129 5.830952 0.650735
25 74 129 17.748240 0.654768
186 86 129 12.000000 0.618643
63 102 129 9.848858 0.769467
70 103 129 8.246211 0.612150
80 105 129 11.224972 0.635084
88 105 129 15.000000 0.884535
89 105 129 15.000000 0.779388
90 105 129 14.899665 0.670831
91 105 129 14.866069 0.656786
92 105 129 14.866069 0.652793
93 105 129 14.866069 0.710042
86 106 129 14.352700 0.747724
97 107 129 13.928389 0.706205
6 62 130 5.000000 0.648002
10 63 130 6.928203 0.619032
13 64 130 8.602325 0.706557
27 73 130 17.029387 0.677193
24 75 130 17.291616 0.624512
186 86 130 12.000000 0.679694
70 88 130 2.828427 0.657919
74 104 130 9.273619 0.623323
77 105 130 10.295630 0.625502
78 105 130 10.630146 0.730936
89 105 130 14.866069 0.664980
98 107 130 14.000000 0.640047
103 109 130 13.000000 0.672487
7 63 131 5.385165 0.641381
187 84 131 12.083046 0.661173
187 85 131 12.206555 0.684459
181 90 131 8.831760 0.610826
71 103 131 8.774964 0.616961
74 104 131 9.433981 0.694292
91 104 131 15.231546 0.743505
94 104 131 15.427249 0.601603
76 105 131 10.099504 0.737079
79 106 131 10.677078 0.617704
103 109 131 13.266500 0.646008
112 112 131 9.000000 0.670029
5 62 132 4.123106 0.654559
26 73 132 17.000000 0.671444
24 74 132 17.378147 0.686932
187 85 132 12.328828 0.839935
107 91 132 7.810250 0.617741
96 100 132 14.352700 0.611691
56 101 132 10.770329 0.694411
64 101 132 10.488089 0.602736
61 102 132 10.770329 0.708207
71 103 132 9.055386 0.601559
93 103 132 15.524175 0.649108
94 103 132 15.748015 0.753831
95 103 132 15.748015 0.729803
96 104 132 15.524175 0.619068
75 105 132 9.695360 0.665667
84 108 132 12.806249 0.709820
24 74 133 17.291616 0.619015
187 85 133 12.206555 0.751349
187 86 133 12.000000 0.641749
56 101 133 11.045361 0.650690
57 101 133 11.045361 0.631612
71 103 133 9.433981 0.726708
97 103 133 15.556349 0.630973
73 104 133 9.273619 0.616809
97 104 133 15.748015 0.754723
74 105 133 9.380832 0.615884
100 106 133 15.132746 0.613077
80 108 133 11.000000 0.607430
25 73 134 17.000000 0.635832
187 85 134 12.165525 0.746304
187 86 134 12.041595 0.632881
73 88 134 3.000000 0.641095
101 98 134 13.341664 0.758938
100 100 134 14.071247 0.622510
59 101 134 11.357817 0.600104
69 102 134 9.949874 0.738816
98 104 134 15.779734 0.716146
73 105 134 9.273619 0.610438
81 109 134 11.575837 0.604992
83 109 134 12.247449 0.694156
187 85 135 12.041595 0.638798
186 87 135 11.661903 0.633634
74 88 135 3.000000 0.641095
93 91 135 8.000000 0.633034
101 100 135 13.928389 0.615904
61 101 135 12.041595 0.648905
62 101 135 12.083046 0.641560
100 105 135 15.811388 0.702044
101 106 135 15.556349 0.652530
102 107 135 15.132746 0.658932
76 108 135 9.848858 0.611382
82 110 135 12.000000 0.709490
75 88 136 3.000000 0.674301
185 88 136 11.180340 0.614749
55 100 136 11.575837 0.617539
56 100 136 12.041595 0.780836
57 100 136 12.083046 0.656190
64 100 136 12.409674 0.602295
70 104 136 9.695360 0.620380
80 110 136 11.224972 0.636262
81 110 136 11.532562 0.639174
82 110 136 11.747340 0.689968
116 112 136 10.099504 0.673893
8 61 137 5.000000 0.676366
24 73 137 17.000000 0.652960
23 76 137 16.186415 0.601230
188 85 137 12.000000 0.637120
76 88 137 3.000000 0.684607
103 99 137 13.152946 0.656696
56 100 137 12.083046 0.646111
58 100 137 12.409674 0.610909
103 100 137 13.490738 0.647242
88 106 137 11.704700 0.677492
102 106 137 15.779734 0.773324
73 107 137 9.486833 0.630259
85 108 137 11.180340 0.600348
5 59 138 2.828427 0.678770
8 61 138 5.000000 0.630358
23 73 138 17.000000 0.646070
23 74 138 17.088007 0.705553
23 75 138 16.673332 0.623438
190 84 138 10.954452 0.613590
77 88 138 3.000000 0.657246
63 100 138 13.379088 0.632942
104 101 138 13.601471 0.665318
68 104 138 10.677078 0.631501
71 106 138 9.949874 0.722100
102 106 138 15.684387 0.748073
73 107 138 9.486833 0.654707
75 108 138 9.433981 0.616859
77 109 138 9.899495 0.759192
78 109 138 9.899495 0.613705
113 111 138 11.747340 0.636445
5 59 139 2.828427 0.603380
8 61 139 5.000000 0.681297
23 73 139 17.000000 0.762577
23 74 139 17.029387 0.753920
23 75 139 16.643316 0.630875
187 86 139 12.569805 0.636530
82 92 139 3.162278 0.635951
62 100 139 13.928389 0.747048
105 101 139 13.341664 0.606760
69 105 139 10.630146 0.683772
73 107 139 9.433981 0.610557
75 108 139 9.433981 0.739434
111 110 139 12.727922 0.605210
5 59 140 2.828427 0.723752
23 73 140 16.763054 0.679316
23 74 140 16.763054 0.640905
23 75 140 16.613247 0.670308
186 86 140 12.884099 0.796452
184 88 140 11.874342 0.605137
80 91 140 3.464102 0.778343
62 100 140 14.142136 0.727111
103 107 140 15.264338 0.661578
113 110 140 12.449900 0.607725
116 111 140 11.045361 0.613164
23 73 141 16.552946 0.651837
23 74 141 16.552946 0.618873
23 76 141 16.248077 0.612860
188 85 141 12.000000 0.623433
186 86 141 12.845233 0.723675
75 90 141 5.000000 0.661006
73 91 141 5.830952 0.601589
79 91 141 3.741657 0.727180
44 98 141 6.403124 0.638867
62 100 141 14.142136 0.618150
68 105 141 11.224972 0.643578
72 107 141 9.695360 0.684656
23 73 142 16.401220 0.728451
23 77 142 15.937377 0.612500
185 86 142 13.000000 0.794251
184 87 142 12.688578 0.654919
181 89 142 11.445523 0.708434
77 90 142 4.582576 0.606172
58 99 142 13.747727 0.604529
59 99 142 14.000000 0.632856
69 106 142 10.816654 0.617126
106 107 142 15.556349 0.662945
107 107 142 15.652476 0.689808
103 108 142 14.696939 0.656425
17 66 143 10.770329 0.626178
28 69 143 13.000000 0.613754
23 72 143 16.000000 0.724648
185 86 143 12.961481 0.771785
183 87 143 12.688578 0.798303
182 88 143 12.083046 0.658797
76 91 143 5.000000 0.671091
73 92 143 6.403124 0.680463
57 99 143 13.564660 0.618773
58 99 143 14.000000 0.784446
59 99 143 14.000000 0.715010
68 106 143 11.045361 0.612361
71 107 143 9.899495 0.600221
107 107 143 15.779734 0.658177
108 107 143 15.811388 0.606559
104 108 143 14.798649 0.609896
23 72 144 15.748015 0.660322
22 76 144 15.842979 0.633700
22 77 144 15.779734 0.666055
185 86 144 12.845233 0.794137
70 93 144 8.000000 0.600093
66 96 144 10.816654 0.633368
43 97 144 7.483315 0.630957
43 98 144 7.681146 0.656375
44 98 144 7.874008 0.606603
45 98 144 8.062258 0.724248
46 98 144 8.124039 0.629621
55 99 144 12.688578 0.639774
57 99 144 13.747727 0.751340
58 99 144 13.747727 0.638144
69 107 144 10.630146 0.647621
108 107 144 16.031219 0.633342
109 107 144 16.031219 0.611044
22 76 145 15.684387 0.700693
22 79 145 14.866069 0.619556
185 86 145 12.449900 0.617812
77 91 145 4.123106 0.639467
67 95 145 10.000000 0.677990
43 98 145 7.874008 0.722977
57 99 145 13.601471 0.743183
66 103 145 11.575837 0.702456
67 104 145 11.180340 0.602377
109 107 145 16.340136 0.739175
107 108 145 15.652476 0.687099
103 109 145 14.177447 0.602536
104 109 145 14.594520 0.694496
22 75 146 15.427249 0.655800
44 99 146 8.062258 0.613662
45 99 146 8.246211 0.615475
67 104 146 11.000000 0.628153
68 105 146 10.816654 0.618958
69 106 146 10.677078 0.687755
110 107 146 16.522711 0.805104
102 109 146 13.601471 0.607249
104 109 146 14.352700 0.606020
8 59 147 2.828427 0.656848
38 63 147 7.000000 0.791026
31 67 147 10.630146 0.600822
22 74 147 15.297058 0.661321
21 76 147 15.000000 0.623651
21 77 147 14.866069 0.656707
188 85 147 11.832160 0.601111
70 93 147 7.874008 0.630818
48 100 147 9.000000 0.603743
49 100 147 9.433981 0.655760
56 100 147 12.884099 0.669639
68 105 147 10.677078 0.670628
69 106 147 10.440307 0.612697
110 107 147 16.552946 0.750220
111 107 147 16.401220 0.634467
104 109 147 14.177447 0.633245
122 113 147 11.532562 0.677130
41 62 148 5.744563 0.648005
30 67 148 11.000000 0.656094
31 67 148 10.630146 0.672444
22 72 148 15.329710 0.679064
22 73 148 15.297058 0.697652
21 76 148 14.764823 0.606055
21 78 148 14.212670 0.625141
190 84 148 10.954452 0.603875
188 85 148 12.000000 0.728428
42 98 148 7.483315 0.698352
55 100 148 12.727922 0.841406
56 101 148 12.369317 0.629486
68 105 148 10.198039 0.607676
111 107 148 16.552946 0.601753
104 109 148 14.035668 0.642507
102 110 148 13.304134 0.608625
42 62 149 5.385165 0.725825
34 65 149 9.000000 0.667668
35 65 149 8.602325 0.670263
36 65 149 8.124039 0.657056
186 85 149 11.704700 0.624079
187 85 149 12.000000 0.673416
188 85 149 12.000000 0.715617
42 98 149 7.615773 0.710420
45 99 149 7.874008 0.609844
54 100 149 12.041595 0.651540
55 100 149 12.206555 0.604896
71 105 149 9.000000 0.664718
111 107 149 16.763054 0.662933
104 109 149 13.928389 0.623014
38 65 150 7.071068 0.657896
21 71 150 14.866069 0.802664
21 72 150 14.899665 0.661990
21 73 150 15.000000 0.739328
186 85 150 11.575837 0.646758
188 85 150 12.000000 0.737769
180 88 150 9.055386 0.645876
42 98 150 7.681146 0.626987
54 100 150 11.789826 0.608203
111 107 150 16.970562 0.740557
104 109 150 13.892444 0.636685
118 110 150 14.491377 0.619732
20 75 151 14.352700 0.659792
188 85 151 11.874342 0.660628
189 85 151 12.000000 0.816737
41 98 151 7.810250 0.618091
42 98 151 7.874008 0.672193
53 100 151 11.313708 0.622532
54 100 151 11.575837 0.680594
55 102 151 11.357817 0.601337
111 107 151 17.000000 0.631554
113 107 151 17.117243 0.600639
104 109 151 13.928389 0.703691
21 70 152 13.928389 0.682114
21 74 152 14.212670 0.625228
189 85 152 12.000000 0.816208
190 85 152 11.747340 0.715822
179 88 152 8.831760 0.705044
41 98 152 8.062258 0.643091
42 98 152 8.000000 0.647912
43 98 152 7.874008 0.609681
53 100 152 11.224972 0.664759
56 104 152 11.000000 0.825502
112 107 152 17.492855 0.634853
32 64 153 8.000000 0.620995
188 85 153 11.704700 0.606363
189 85 153 11.789826 0.658279
179 88 153 8.944272 0.641618
40 98 153 8.306623 0.625611
44 98 153 8.062258 0.625394
53 100 153 11.090536 0.685704
55 103 153 10.677078 0.611956
58 105 153 9.848858 0.622484
65 106 153 7.000000 0.614604
111 107 153 17.204651 0.602257
113 107 153 17.916473 0.685677
107 108 153 15.165751 0.632984
119 111 153 15.033297 0.617989
188 85 154 11.747340 0.684667
178 88 154 9.000000 0.634351
39 98 154 8.485281 0.691822
46 98 154 8.602325 0.603976
50 99 154 9.949874 0.627049
53 100 154 10.954452 0.706869
54 102 154 10.630146 0.650099
56 105 154 10.295630 0.606421
113 107 154 18.138357 0.690950
105 109 154 14.177447 0.602913
118 110 154 16.031219 0.611772
43 60 155 3.000000 0.623807
35 63 155 6.403124 0.672977
36 63 155 6.164414 0.691707
21 74 155 13.000000 0.697188
184 85 155 11.180340 0.621458
188 85 155 11.747340 0.684667
39 98 155 8.774964 0.809482
40 98 155 8.774964 0.679461
50 99 155 10.049875 0.601105
76 105 155 3.605551 0.688795
113 107 155 18.248287 0.723228
114 107 155 18.220867 0.605862
115 108 155 18.027756 0.694960
106 109 155 14.594520 0.607435
35 62 156 5.744563 0.618690
40 62 156 4.898980 0.731843
187 85 156 11.789826 0.649940
188 85 156 11.704700 0.606284
66 91 156 2.236068 0.645489
41 98 156 8.774964 0.687507
39 99 156 8.602325 0.614026
53 101 156 10.630146 0.643084
77 104 156 3.000000 0.665790
63 107 156 6.403124 0.602293
36 62 157 5.385165 0.627189
37 62 157 5.477226 0.639771
38 62 157 5.385165 0.620066
39 62 157 5.196152 0.633852
21 72 157 12.206555 0.627007
183 85 157 11.575837 0.611609
186 85 157 11.874342 0.626972
187 85 157 12.000000 0.755128
188 85 157 11.747340 0.623580
43 98 157 8.944272 0.648225
39 99 157 8.831760 0.712297
54 103 157 10.049875 0.605377
77 105 157 2.828427 0.755792
56 106 157 10.049875 0.655925
111 108 157 17.146429 0.621710
112 108 157 17.606817 0.632607
113 108 157 18.027756 0.674120
114 108 157 18.275667 0.666620
42 60 158 3.605551 0.605110
41 61 158 4.242640 0.634358
38 62 158 5.385165 0.789824
39 62 158 5.099020 0.662842
183 85 158 12.000000 0.724053
184 85 158 12.000000 0.653871
185 85 158 12.000000 0.621935
187 85 158 12.000000 0.661582
188 85 158 11.789826 0.695384
46 98 158 9.899495 0.664236
47 98 158 10.246951 0.697585
39 99 158 8.944272 0.755146
40 99 158 9.110434 0.754785
52 100 158 11.045361 0.672517
115 108 158 18.384777 0.763203
116 108 158 18.165901 0.625931
41 61 159 4.123106 0.681637
38 62 159 4.898980 0.687640
21 71 159 11.224972 0.612918
22 71 159 11.000000 0.657094
187 85 159 12.000000 0.627578
60 93 159 4.898980 0.631200
48 98 159 10.630146 0.628856
39 99 159 8.944272 0.815154
40 99 159 8.944272 0.601154
42 99 159 9.165152 0.682462
51 99 159 11.224972 0.601600
110 109 159 16.552946 0.622750
111 109 159 16.911535 0.671715
112 109 159 17.146429 0.644316
28 61 160 5.000000 0.654587
40 61 160 4.000000 0.685081
37 62 160 4.123106 0.657095
17 68 160 9.433981 0.634048
21 71 160 10.677078 0.634055
186 86 160 12.328828 0.622729
60 93 160 5.099020 0.634316
39 99 160 8.602325 0.627495
45 99 160 9.899495 0.621673
49 99 160 11.045361 0.621790
56 107 160 10.630146 0.622864
116 109 160 17.804493 0.653698
117 109 160 18.055470 0.864408
127 115 160 12.206555 0.603422
28 61 161 4.690416 0.691948
181 86 161 12.961481 0.688610
185 86 161 12.845233 0.721116
51 100 161 11.661903 0.669086
56 108 161 11.000000 0.687778
120 111 161 16.613247 0.643270
185 86 162 12.806249 0.636836
178 87 162 13.341664 0.649900
185 87 162 12.688578 0.618723
175 89 162 12.569805 0.676682
60 93 162 5.477226 0.625219
61 93 162 5.000000 0.602686
58 94 162 6.557438 0.667789
49 100 162 11.357817 0.649707
56 108 162 11.445523 0.813613
109 110 162 15.297058 0.668003
120 111 162 16.763054 0.601999
124 113 162 14.696939 0.619669
18 69 163 9.000000 0.670478
21 70 163 9.110434 0.612463
22 70 163 9.000000 0.604878
179 87 163 13.784049 0.719544
183 87 163 13.453624 0.667019
176 89 163 13.076696 0.613304
60 93 163 5.385165 0.661806
48 100 163 11.180340 0.625315
51 101 163 12.206555 0.704323
52 102 163 12.083046 0.603441
119 106 163 15.779734 0.623381
55 107 163 11.575837 0.648169
56 108 163 11.575837 0.764534
57 109 163 10.954452 0.606756
119 110 163 17.464249 0.794292
107 111 163 14.282857 0.634033
17 68 164 8.544003 0.674587
182 87 164 13.784049 0.785246
177 89 164 13.601471 0.663382
38 99 164 8.062258 0.692319
50 101 164 12.041595 0.707387
52 101 164 12.165525 0.628315
52 102 164 12.449900 0.711140
53 104 164 12.000000 0.606218
55 107 164 11.704700 0.610325
119 110 164 17.320509 0.737671
122 112 164 16.309507 0.642943
128 115 164 12.884099 0.601675
178 89 165 14.035668 0.799685
176 90 165 13.416408 0.667772
38 99 165 8.124039 0.687343
50 101 165 12.000000 0.644280
52 102 165 12.449900 0.656998
53 104 165 12.206555 0.647083
56 109 165 11.180340 0.683968
120 110 165 17.204651 0.676878
110 111 165 14.000000 0.607497
126 114 165 14.142136 0.601652
128 115 165 13.038404 0.634498
34 60 166 2.828427 0.629766
29 61 166 4.690416 0.627709
21 69 166 8.306623 0.675917
22 69 166 8.185352 0.652428
177 90 166 13.784049 0.672668
178 90 166 13.892444 0.647435
37 99 166 8.062258 0.618159
38 99 166 8.124039 0.605064
41 99 166 8.306623 0.622958
50 101 166 12.000000 0.662466
54 106 166 12.041595 0.718725
121 111 166 17.204651 0.722162
126 114 166 14.317822 0.622053
24 68 167 7.681146 0.694288
180 91 167 13.638182 0.691696
50 101 167 12.041595 0.723688
55 107 167 11.747340 0.623361
121 111 167 17.349352 0.839880
122 112 167 16.763054 0.604439
134 117 167 9.797959 0.634503
30 61 168 5.000000 0.651095
28 62 168 5.830952 0.719858
23 68 168 7.810250 0.620570
176 91 168 13.601471 0.639559
64 92 168 3.000000 0.635063
170 94 168 12.000000 0.710867
35 98 168 8.544003 0.626599
50 101 168 12.041595 0.738509
55 107 168 11.704700 0.602675
112 112 168 13.304134 0.685358
122 112 168 17.000000 0.750223
130 116 168 12.041595 0.640584
35 60 169 3.000000 0.664577
28 62 169 6.000000 0.635710
27 63 169 6.403124 0.631793
19 65 169 7.071068 0.678958
21 67 169 7.810250 0.681457
22 67 169 7.810250 0.633286
23 67 169 7.810250 0.681783
64 92 169 3.316625 0.647273
178 92 169 13.747727 0.606644
179 92 169 13.892444 0.838021
172 93 169 12.961481 0.644714
170 94 169 12.247449 0.614153
35 98 169 9.110434 0.744047
36 98 169 9.000000 0.618036
48 100 169 11.313708 0.618850
50 101 169 12.041595 0.740427
51 102 169 12.041595 0.625708
122 112 169 17.000000 0.724712
33 61 170 4.123106 0.726525
27 63 170 6.708204 0.662470
26 64 170 7.000000 0.600698
21 66 170 7.810250 0.725541
22 66 170 7.810250 0.605391
23 66 170 7.810250 0.616961
35 98 170 9.539392 0.853078
50 101 170 12.041595 0.723882
51 102 170 12.041595 0.632750
121 112 170 16.792856 0.623512
122 112 170 17.000000 0.821556
130 116 170 12.206555 0.627508
31 62 171 5.099020 0.670867
28 63 171 6.403124 0.636283
20 64 171 7.280110 0.650732
21 65 171 7.810250 0.699469
24 65 171 7.874008 0.657412
173 93 171 13.892444 0.745760
175 93 171 14.035668 0.630298
176 93 171 14.071247 0.671659
178 93 171 13.928389 0.704450
35 98 171 9.695360 0.807955
44 98 171 10.488089 0.630424
50 101 171 12.041595 0.676844
51 102 171 12.083046 0.627092
118 113 171 15.264338 0.637889
120 113 171 16.000000 0.634308
21 64 172 7.615773 0.633663
26 64 172 7.348469 0.636341
24 65 172 7.874008 0.620827
180 76 172 3.000000 0.619455
188 80 172 7.000000 0.678489
187 82 172 7.483315 0.601855
174 93 172 14.177447 0.707823
169 95 172 12.369317 0.699600
35 98 172 9.899495 0.903239
47 99 172 11.445523 0.610669
50 101 172 12.083046 0.620954
51 102 172 12.206555 0.636967
123 112 172 16.401220 0.835507
131 116 172 12.000000 0.637111
34 61 173 3.605551 0.715827
19 63 173 6.480741 0.655524
27 64 173 7.071068 0.720622
181 76 173 2.828427 0.639818
180 92 173 12.369317 0.609342
173 94 173 13.928389 0.621234
176 94 173 14.456832 0.839578
170 95 173 12.649111 0.615257
165 97 173 10.816654 0.710940
35 98 173 9.695360 0.638844
36 98 173 10.049875 0.715463
51 102 173 12.369317 0.615178
55 105 173 13.000000 0.647395
47 60 174 4.000000 0.658031
19 63 174 6.324555 0.600353
27 64 174 6.928203 0.612843
30 64 174 5.656854 0.656831
24 65 174 7.615773 0.613503
183 76 174 3.000000 0.680530
183 90 174 10.440307 0.607473
174 94 174 14.456832 0.814698
175 94 174 14.456832 0.704782
176 94 174 14.212670 0.641304
171 95 174 13.038404 0.643752
36 98 174 10.198039 0.738039
37 98 174 10.344080 0.677752
44 98 174 11.401754 0.618032
124 112 174 15.779734 0.754027
43 114 174 2.828427 0.625890
116 115 174 13.784049 0.680624
117 115 174 13.928389 0.641204
24 65 175 7.615773 0.654317
174 94 175 14.317822 0.676544
175 94 175 14.317822 0.631320
169 96 175 12.165525 0.641889
166 97 175 11.000000 0.625108
37 98 175 10.630146 0.779675
38 98 175 10.770329 0.687714
163 98 175 10.295630 0.729360
125 112 175 15.524175 0.715236
130 115 175 13.038404 0.649280
115 116 175 13.000000 0.620802
46 61 176 5.000000 0.710395
47 61 176 5.000000 0.758932
21 64 176 7.000000 0.601660
24 65 176 7.615773 0.692591
25 65 176 7.549834 0.747565
188 77 176 3.605551 0.601988
172 95 176 13.490738 0.617095
39 98 176 11.180340 0.645773
40 98 176 11.357817 0.617229
41 98 176 11.575837 0.648067
42 98 176 11.789826 0.655474
43 98 176 12.041595 0.698446
115 116 176 12.806249 0.667632
40 60 177 4.123106 0.675316
21 64 177 7.000000 0.693075
57 64 177 8.000000 0.649056
24 65 177 7.549834 0.760548
185 76 177 2.236068 0.604931
167 97 177 11.401754 0.629894
41 98 177 11.704700 0.610731
42 98 177 12.083046 0.782823
43 98 177 12.206555 0.684124
46 99 177 12.884099 0.702868
48 100 177 13.152946 0.624482
52 103 177 13.892444 0.610005
126 112 177 15.297058 0.702128
127 113 177 15.000000 0.624775
65 94 178 9.000000 0.601171
173 95 178 14.177447 0.632279
174 95 178 14.456832 0.814416
36 97 178 10.488089 0.617927
41 98 178 11.704700 0.636950
46 99 178 13.038404 0.685368
161 99 178 10.816654 0.819076
48 100 178 13.341664 0.611651
52 103 178 14.212670 0.604169
55 106 178 15.132746 0.704374
117 116 178 12.083046 0.608214
134 117 178 11.747340 0.616530
45 62 179 6.164414 0.722786
46 62 179 6.082763 0.616441
22 64 179 6.928203 0.750705
34 64 179 5.000000 0.623731
63 64 179 8.000000 0.690836
56 65 179 8.660254 0.609242
57 65 179 9.000000 0.691652
174 95 179 14.282857 0.612879
36 97 179 10.630146 0.651443
37 97 179 10.862781 0.626210
65 97 179 10.677078 0.663559
39 98 179 11.180340 0.608713
40 98 179 11.401754 0.650940
46 99 179 13.076696 0.651977
161 99 179 10.954452 0.751465
48 100 179 13.490738 0.601849
55 105 179 15.524175 0.651338
128 107 179 13.000000 0.631902
128 113 179 15.066519 0.615351
129 114 179 14.560220 0.606133
132 116 179 13.000000 0.641616
134 117 179 12.041595 0.667052
41 61 180 5.744563 0.646838
43 62 180 6.082763 0.615715
44 62 180 6.164414 0.631124
22 64 180 6.403124 0.616027
61 65 180 9.000000 0.639318
59 66 180 9.433981 0.604580
173 95 180 14.456832 0.606460
36 97 180 10.630146 0.697306
165 98 180 11.575837 0.604300
45 99 180 12.688578 0.605572
46 99 180 13.152946 0.687884
63 99 180 12.000000 0.609531
161 99 180 11.045361 0.684760
50 101 180 14.247807 0.652118
55 105 180 15.779734 0.658599
56 105 180 15.842979 0.696842
128 113 180 15.231546 0.719539
129 114 180 14.764823 0.677045
134 117 180 12.165525 0.632900
41 62 181 6.164414 0.625829
24 65 181 5.916080 0.683589
56 66 181 9.433981 0.603211
57 66 181 9.695360 0.660140
58 66 181 9.949874 0.840546
59 66 181 9.695360 0.643833
36 97 181 10.344080 0.663424
37 97 181 10.488089 0.603226
40 98 181 11.045361 0.651644
165 98 181 11.874342 0.618558
47 99 181 13.453624 0.639269
62 100 181 13.076696 0.677984
52 102 181 15.000000 0.676263
55 104 181 15.905973 0.629211
128 108 181 13.490738 0.651577
128 113 181 15.231546 0.694969
119 116 181 11.532562 0.633146
21 62 182 4.898980 0.667201
47 63 182 7.000000 0.687839
65 64 182 8.000000 0.674795
56 66 182 9.695360 0.607016
57 66 182 9.949874 0.726219
58 66 182 10.000000 0.746600
59 66 182 9.848858 0.685297
172 96 182 15.000000 0.608682
173 96 182 15.000000 0.613398
164 98 182 11.874342 0.612821
160 99 182 10.954452 0.694386
53 102 182 15.362291 0.641157
56 104 182 16.309507 0.736871
57 104 182 16.278820 0.691981
128 108 182 13.453624 0.629037
128 109 182 13.928389 0.693819
128 110 182 14.247807 0.659375
128 111 182 14.594520 0.635071
128 113 182 15.264338 0.705160
122 115 182 12.369317 0.611176
40 63 183 7.000000 0.645139
30 65 183 5.744563 0.600889
31 65 183 6.082763 0.620164
63 65 183 9.000000 0.643758
56 66 183 9.949874 0.728349
57 66 183 10.000000 0.714405
58 66 183 10.000000 0.703927
59 66 183 9.899495 0.694331
172 96 183 15.362291 0.641603
163 98 183 11.874342 0.641644
48 99 183 13.892444 0.744178
174 99 183 13.892444 0.613405
56 103 183 16.309507 0.604458
58 103 183 16.278820 0.600465
59 103 183 16.093477 0.693927
128 108 183 13.453624 0.641906
128 113 183 15.362291 0.755796
130 115 183 14.560220 0.619363
132 116 183 13.564660 0.641499
43 63 184 7.000000 0.606572
25 64 184 4.690416 0.642687
35 64 184 7.874008 0.717108
36 64 184 8.000000 0.782245
37 64 184 8.000000 0.795621
48 64 184 8.000000 0.603511
64 65 184 9.000000 0.685688
55 66 184 9.949874 0.726421
56 66 184 10.000000 0.716536
57 66 184 10.000000 0.692105
58 66 184 10.000000 0.691913
59 66 184 10.000000 0.751041
172 96 184 15.779734 0.795650
39 97 184 10.000000 0.627977
42 98 184 11.045361 0.632652
162 98 184 11.661903 0.622617
163 98 184 12.000000 0.668650
49 99 184 14.000000 0.615266
52 100 184 15.000000 0.649684
54 101 184 15.652476 0.639879
55 102 184 16.031219 0.626726
57 103 184 16.673332 0.819666
129 106 184 12.247449 0.615236
128 113 184 15.297058 0.607774
121 116 184 12.083046 0.603103
27 64 185 4.898980 0.611289
34 64 185 8.000000 0.727880
35 64 185 8.000000 0.600448
39 64 185 8.000000 0.671114
53 66 185 9.899495 0.696440
54 66 185 10.000000 0.745107
55 66 185 10.000000 0.712478
56 66 185 10.000000 0.692105
57 66 185 10.000000 0.683800
58 66 185 10.000000 0.673225
59 66 185 10.000000 0.691009
60 66 185 9.899495 0.696630
77 76 185 9.273619 0.640596
80 79 185 9.273619 0.632612
172 96 185 15.779734 0.664092
166 97 185 13.341664 0.690957
172 97 185 15.524175 0.637258
43 98 185 11.357817 0.671292
52 100 185 14.866069 0.608353
57 103 185 16.401220 0.647721
130 115 185 14.966630 0.688352
32 64 186 7.549834 0.653970
33 64 186 8.000000 0.778341
41 64 186 8.000000 0.623885
45 64 186 8.000000 0.623886
51 66 186 9.899495 0.690261
52 66 186 10.000000 0.705062
53 66 186 10.000000 0.676550
54 66 186 10.000000 0.679221
55 66 186 10.000000 0.685917
56 66 186 10.000000 0.683800
57 66 186 10.000000 0.666899
58 66 186 10.000000 0.641763
59 66 186 10.000000 0.622707
60 66 186 10.000000 0.667754
61 66 186 9.797959 0.606062
66 66 186 9.000000 0.676972
67 66 186 8.717798 0.610650
76 76 186 9.380832 0.663251
79 77 186 9.797959 0.634280
81 81 186 8.944272 0.607745
170 96 186 15.588457 0.673645
171 96 186 16.124516 0.929155
40 97 186 10.049875 0.639560
45 98 186 12.041595 0.604653
161 98 186 11.180340 0.625875
50 99 186 14.000000 0.635784
52 100 186 14.696939 0.666786
54 101 186 15.264338 0.604524
128 114 186 15.684387 0.735491
130 115 186 15.000000 0.683036
133 116 186 13.379088 0.630972
32 64 187 7.615773 0.655316
33 64 187 8.000000 0.803233
35 65 187 8.062258 0.649305
39 65 187 8.602325 0.681071
50 66 187 10.000000 0.682205
53 66 187 10.000000 0.616795
54 66 187 10.000000 0.658454
55 66 187 10.000000 0.675292
56 66 187 10.000000 0.666899
57 66 187 10.000000 0.637567
61 66 187 10.000000 0.656233
67 66 187 9.000000 0.633746
76 76 187 9.643651 0.605274
78 77 187 10.049875 0.688313
79 78 187 10.049875 0.641987
81 82 187 9.000000 0.627165
171 95 187 15.652476 0.601876
47 98 187 12.884099 0.650226
160 98 187 10.770329 0.603577
161 98 187 11.090536 0.603430
64 104 187 15.297058 0.739637
128 114 187 15.937377 0.903095
133 116 187 13.453624 0.665198
28 62 188 5.385165 0.611086
40 65 188 8.774964 0.601508
54 66 188 10.000000 0.629172
55 66 188 10.000000 0.647930
56 66 188 10.000000 0.633369
67 67 188 9.273619 0.607004
68 68 188 9.000000 0.614743
70 69 188 8.544003 0.624682
75 75 188 9.797959 0.655551
76 76 188 9.899495 0.616756
79 78 188 10.246951 0.744199
80 80 188 9.695360 0.600753
81 82 188 9.219544 0.635874
81 83 188 9.000000 0.715194
176 92 188 12.649111 0.667939
171 95 188 15.588457 0.680955
170 96 188 15.556349 0.610143
48 98 188 13.076696 0.615113
51 99 188 13.928389 0.621331
58 103 188 16.186415 0.688293
64 104 188 15.427249 0.679181
128 112 188 15.033297 0.621479
128 113 188 15.556349 0.629724
128 114 188 15.811388 0.759438
126 115 188 15.000000 0.636337
123 116 188 13.784049 0.658901
136 117 188 12.041595 0.641087
31 63 189 6.928203 0.680893
37 66 189 8.124039 0.652639
65 67 189 9.899495 0.663419
71 71 189 9.000000 0.636755
74 74 189 9.899495 0.644923
80 86 189 8.062258 0.681559
79 89 189 7.810250 0.601259
78 92 189 8.544003 0.631859
171 95 189 15.394804 0.655167
170 96 189 15.556349 0.670093
166 97 189 13.453624 0.623699
48 98 189 13.076696 0.695304
161 98 189 11.090536 0.603430
53 100 189 14.352700 0.658046
55 101 189 15.000000 0.644383
60 104 189 16.000000 0.614212
61 104 189 15.937377 0.608862
62 104 189 15.842979 0.607113
63 104 189 15.811388 0.693982
64 104 189 15.588457 0.652615
128 114 189 15.652476 0.696270
129 114 189 15.427249 0.602590
126 115 189 15.000000 0.647553
123 116 189 14.000000 0.747431
136 117 189 12.083046 0.618033
41 67 190 9.695360 0.611380
49 67 190 11.000000 0.705181
61 67 190 10.816654 0.714115
74 75 190 10.344080 0.722301
75 76 190 10.246951 0.656224
77 93 190 9.273619 0.652414
170 96 190 15.556349 0.715695
43 97 190 11.401754 0.707153
49 98 190 13.152946 0.615751
161 98 190 11.180340 0.616793
62 104 190 15.842979 0.637793
63 104 190 15.937377 0.764313
64 104 190 15.811388 0.777971
129 109 190 13.076696 0.601827
123 116 190 13.892444 0.734928
136 117 190 12.206555 0.688694
30 62 191 5.830952 0.612497
78 65 191 3.000000 0.761167
38 67 191 8.366600 0.635412
50 67 191 11.000000 0.640656
60 67 191 11.000000 0.683158
48 68 191 11.357817 0.618204
77 78 191 10.392304 0.642814
78 79 191 10.392304 0.631269
79 86 191 8.485281 0.615618
76 94 191 9.848858 0.601451
170 96 191 15.556349 0.752042
43 97 191 11.180340 0.617075
170 97 191 15.297058 0.608588
50 98 191 13.379088 0.710255
52 99 191 13.747727 0.638906
55 100 191 14.317822 0.664701
57 101 191 14.696939 0.629836
129 114 191 15.297058 0.617229
130 114 191 15.132746 0.638850
136 117 191 12.206555 0.602123
31 63 192 5.744563 0.626078
32 64 192 5.830952 0.604527
51 67 192 11.000000 0.640656
59 67 192 11.000000 0.640656
42 68 192 10.630146 0.664380
47 68 192 11.874342 0.683469
48 68 192 11.747340 0.619434
63 68 192 11.357817 0.643852
72 74 192 10.440307 0.677094
79 82 192 9.949874 0.646980
177 91 192 11.000000 0.615879
76 94 192 10.198039 0.632874
170 96 192 15.427249 0.639752
43 97 192 11.000000 0.694391
51 98 192 13.379088 0.646078
54 99 192 13.601471 0.625837
64 103 192 15.524175 0.726871
65 103 192 15.362291 0.679617
129 114 192 15.297058 0.694929
53 67 193 11.000000 0.666306
57 67 193 11.000000 0.666306
45 68 193 11.832160 0.722552
46 68 193 12.000000 0.665014
48 68 193 12.000000 0.600963
62 68 193 12.000000 0.820245
64 69 193 11.313708 0.622624
73 75 193 10.630146 0.637597
74 76 193 10.630146 0.626696
75 77 193 10.630146 0.619105
76 78 193 10.677078 0.642336
77 79 193 10.723805 0.673869
78 81 193 10.488089 0.635884
78 86 193 9.219544 0.631069
44 97 193 10.954452 0.690454
45 97 193 11.180340 0.624222
50 97 193 13.038404 0.750338
51 97 193 13.000000 0.616179
169 97 193 15.524175 0.629370
66 103 193 14.899665 0.626354
129 114 193 15.165751 0.639832
131 114 193 15.000000 0.621075
135 116 193 13.038404 0.600991
46 68 194 12.000000 0.684855
78 82 194 10.488089 0.611362
78 83 194 10.246951 0.621993
50 97 194 12.688578 0.648103
51 97 194 12.767145 0.614410
169 97 194 15.842979 0.782406
143 102 194 3.000000 0.601960
124 116 194 13.038404 0.631565
44 67 195 11.000000 0.676677
51 68 195 12.000000 0.681762
59 68 195 12.000000 0.646482
49 69 195 12.206555 0.683387
66 71 195 11.357817 0.619841
170 95 195 15.297058 0.611810
169 97 195 16.031219 0.786894
158 99 195 12.041595 0.690000
159 99 195 12.206555 0.613193
65 101 195 14.866069 0.723378
66 101 195 15.033297 0.760777
67 101 195 15.000000 0.770781
147 101 195 4.123106 0.702451
148 101 195 4.582576 0.615322
132 106 195 11.445523 0.615588
131 108 195 12.845233 0.633172
127 115 195 14.142136 0.600062
137 117 195 12.727922 0.609336
30 60 196 2.828427 0.603659
51 68 196 12.000000 0.641335
53 68 196 12.000000 0.603903
54 68 196 12.000000 0.630570
55 68 196 12.000000 0.667561
56 68 196 12.000000 0.667531
57 68 196 12.000000 0.617514
51 69 196 12.000000 0.602432
62 69 196 12.529964 0.610680
50 70 196 11.704700 0.629953
77 81 196 11.357817 0.704766
51 83 196 6.000000 0.614846
51 84 196 6.000000 0.707815
51 85 196 6.000000 0.664865
51 96 196 11.916375 0.683180
169 97 196 16.062378 0.609867
55 98 196 11.704700 0.603676
169 98 196 16.031219 0.668873
57 99 196 12.124355 0.660907
131 113 196 15.524175 0.640713
130 114 196 15.427249 0.613784
127 115 196 14.142136 0.624210
137 117 196 13.000000 0.640786
53 69 197 12.206555 0.679111
59 69 197 12.688578 0.742085
62 69 197 12.806249 0.666390
64 70 197 12.369317 0.608458
51 71 197 11.357817 0.642871
68 73 197 11.789826 0.627056
51 78 197 8.544003 0.668246
51 82 197 6.403124 0.653219
76 88 197 11.000000 0.624675
170 94 197 15.362291 0.629406
52 96 197 11.401754 0.613855
59 99 197 12.000000 0.629340
158 99 197 12.409674 0.614117
67 100 197 14.798649 0.627435
68 100 197 15.066519 0.719453
144 105 197 4.123106 0.654410
131 113 197 15.588457 0.659253
130 114 197 15.588457 0.760734
127 115 197 14.142136 0.642162
137 117 197 13.266500 0.687481
55 69 198 12.529964 0.739123
61 69 198 13.000000 0.736250
62 69 198 13.000000 0.665671
53 71 198 11.575837 0.600695
52 72 198 11.224972 0.640779
51 75 198 10.295630 0.700143
71 75 198 12.206555 0.604043
75 79 198 12.206555 0.662208
170 94 198 15.684387 0.749000
169 96 198 16.340136 0.699454
165 98 198 15.264338 0.601542
166 98 198 15.811388 0.664120
61 99 198 12.206555 0.632424
69 99 198 15.132746 0.601998
131 114 198 15.588457 0.619987
132 114 198 15.588457 0.678966
128 115 198 14.456832 0.646355
125 116 198 13.152946 0.669534
56 70 199 12.727922 0.760181
55 71 199 12.083046 0.631558
54 72 199 11.575837 0.675181
53 73 199 11.180340 0.700929
69 74 199 12.688578 0.665574
52 75 199 10.344080 0.633914
76 81 199 12.569805 0.612570
52 95 199 10.677078 0.671544
168 98 199 17.058722 0.862045
69 99 199 15.297058 0.719477
70 99 199 15.684387 0.862039
159 99 199 12.884099 0.640980
132 114 199 15.652476 0.818274
130 115 199 15.000000 0.649001
134 115 199 14.866069 0.702830
136 116 199 14.071247 0.698929
57 70 200 12.767145 0.751391
64 70 200 13.379088 0.700430
76 82 200 13.000000 0.647175
171 93 200 15.394804 0.624546
56 97 200 10.488089 0.610203
71 97 200 15.394804 0.629561
71 98 200 15.684387 0.639908
168 98 200 17.029387 0.761435
71 99 200 15.684387 0.726080
159 99 200 12.767145 0.643055
160 99 200 13.152946 0.613482
149 106 200 5.385165 0.664070
146 109 200 5.477226 0.620234
128 116 200 13.928389 0.668148
58 70 201 12.767145 0.669236
59 70 201 13.000000 0.680755
63 70 201 13.490738 0.640745
65 71 201 13.490738 0.704245
172 92 201 15.132746 0.623320
53 95 201 10.295630 0.607043
54 95 201 10.246951 0.616722
72 95 201 15.000000 0.813760
72 96 201 15.165751 0.689314
72 97 201 15.394804 0.667693
72 98 201 15.652476 0.735383
72 99 201 15.684387 0.851177
160 99 201 13.076696 0.714533
161 99 201 13.379088 0.624581
169 99 201 16.763054 0.660269
133 114 201 14.899665 0.602760
129 116 201 14.000000 0.630833
124 118 201 12.000000 0.702926
60 70 202 13.341664 0.757502
61 70 202 13.564660 0.733350
62 70 202 13.638182 0.713270
68 73 202 13.928389 0.608614
55 75 202 10.049875 0.669264
54 77 202 9.273619 0.696810
75 81 202 14.177447 0.628638
73 92 202 14.352700 0.706813
53 94 202 9.949874 0.613812
169 98 202 17.029387 0.749966
72 99 202 15.297058 0.735552
133 114 202 14.866069 0.749425
135 115 202 14.177447 0.633650
127 117 202 13.000000 0.633386
124 118 202 11.747340 0.625631
61 70 203 13.453624 0.698666
63 71 203 13.638182 0.723778
68 73 203 14.317822 0.638227
54 79 203 8.306623 0.657708
54 80 203 8.062258 0.776496
74 80 203 14.764823 0.653149
54 81 203 7.483315 0.620101
54 83 203 6.633250 0.603996
54 84 203 6.403124 0.624629
54 85 203 6.324555 0.631956
54 86 203 6.403124 0.624629
54 87 203 6.633250 0.609932
74 89 203 14.456832 0.698515
54 90 203 8.062258 0.673727
176 90 203 14.212670 0.612771
54 91 203 8.602325 0.782201
73 91 203 14.352700 0.673169
173 92 203 15.556349 0.679929
53 93 203 9.219544 0.633503
52 95 203 9.433981 0.620017
73 95 203 14.352700 0.642551
171 95 203 16.124516 0.626643
163 99 203 13.928389 0.653847
133 114 203 14.696939 0.721248
125 118 203 12.000000 0.662640
65 72 204 13.747727 0.701631
66 73 204 13.928389 0.636290
67 73 204 14.282857 0.702763
69 74 204 15.033297 0.757767
55 82 204 7.071068 0.666924
74 88 204 14.730920 0.645186
55 89 204 7.549834 0.614829
74 89 204 14.798649 0.846013
74 90 204 14.491377 0.681317
74 91 204 14.247807 0.614813
172 94 204 16.062378 0.636535
52 95 204 9.000000 0.648031
170 98 204 17.000000 0.759144
163 99 204 13.747727 0.633653
133 114 204 14.456832 0.612882
71 76 205 15.588457 0.702838
56 84 205 6.782330 0.647595
75 85 205 15.297058 0.638864
74 87 205 15.132746 0.848527
56 88 205 7.348469 0.713696
74 88 205 14.764823 0.684347
74 89 205 14.456832 0.624526
74 93 205 13.638182 0.605336
173 93 205 16.155495 0.707043
52 95 205 8.485281 0.660206
172 95 205 16.309507 0.607680
170 98 205 16.970562 0.748680
138 116 205 13.000000 0.657061
126 118 205 12.000000 0.615664
77 64 206 8.062258 0.605928
71 75 206 15.588457 0.640902
72 77 206 15.937377 0.671412
57 85 206 7.141428 0.648491
74 85 206 15.620500 0.785890
57 86 206 7.348469 0.693947
74 86 206 15.132746 0.624780
57 87 206 7.348469 0.673057
172 95 206 16.431677 0.640782
170 98 206 16.970562 0.796417
164 99 206 13.928389 0.637592
134 114 206 14.352700 0.714228
137 115 206 13.379088 0.659416
77 61 207 6.403124 0.671537
77 62 207 7.000000 0.623477
51 64 207 6.000000 0.651618
72 76 207 15.748015 0.684621
73 78 207 16.248077 0.744630
74 80 207 16.552946 0.725131
74 81 207 16.763054 0.877661
74 82 207 16.552946 0.738427
74 83 207 16.401220 0.838283
64 84 207 9.380832 0.646531
65 84 207 9.949874 0.605159
74 84 207 15.811388 0.622662
60 85 207 7.549834 0.607615
61 85 207 7.874008 0.639269
57 86 207 7.141428 0.647440
176 89 207 15.000000 0.626715
174 92 207 16.124516 0.676308
170 98 207 16.970562 0.822733
163 99 207 13.416408 0.621714
152 105 207 7.000000 0.603767
135 114 207 14.035668 0.632895
138 115 207 13.038404 0.613919
75 66 208 9.433981 0.634526
64 70 208 12.247449 0.608954
71 74 208 15.132746 0.760023
74 80 208 16.492422 0.696916
74 81 208 16.522711 0.653380
74 82 208 16.583124 0.809782
174 92 208 16.155495 0.636431
74 94 208 12.083046 0.602568
170 98 208 17.000000 0.829861
163 99 208 13.379088 0.622735
134 113 208 14.247807 0.638354
133 114 208 14.177447 0.693464
57 63 209 7.000000 0.639925
66 71 209 12.688578 0.630804
68 72 209 13.379088 0.619002
70 73 209 14.282857 0.703391
74 80 209 16.155495 0.648984
74 81 209 16.186415 0.616562
56 87 209 5.830952 0.642511
74 92 209 11.832160 0.604697
174 92 209 16.248077 0.632850
170 98 209 17.088007 0.852825
163 99 209 13.341664 0.604903
158 102 209 9.899495 0.626791
154 104 209 7.810250 0.626432
134 113 209 14.352700 0.668304
131 115 209 13.601471 0.695818
51 62 210 5.000000 0.703213
55 62 210 5.830952 0.626366
74 66 210 9.486833 0.644382
65 70 210 12.328828 0.743718
67 71 210 12.806249 0.632389
69 72 210 13.341664 0.603344
74 80 210 15.811388 0.644507
74 81 210 15.842979 0.619382
54 84 210 4.123106 0.650803
174 92 210 16.401220 0.627015
169 98 210 16.552946 0.611263
170 98 210 17.117243 0.831562
150 107 210 7.810250 0.710355
149 108 210 8.124039 0.665985
134 113 210 14.456832 0.698138
129 116 210 13.000000 0.664957
127 117 210 12.328828 0.637023
57 59 211 5.000000 0.648859
51 60 211 4.123106 0.606741
55 60 211 5.000000 0.601973
53 61 211 5.000000 0.684680
73 67 211 10.198039 0.607679
66 70 211 12.247449 0.642506
174 92 211 16.613247 0.619106
165 98 211 14.177447 0.607461
147 109 211 9.000000 0.605842
148 109 211 8.717798 0.637451
132 114 211 13.964240 0.636693
140 114 211 13.379088 0.626844
124 118 211 11.180340 0.612845
54 58 212 4.000000 0.713962
174 92 212 16.881943 0.609367
171 97 212 17.378147 0.759422
155 106 212 7.549834 0.635638
154 107 212 7.549834 0.726145
135 112 212 15.033297 0.764733
138 113 212 14.035668 0.607448
141 114 212 13.601471 0.679505
126 117 212 12.328828 0.715831
58 58 213 4.123106 0.679276
184 71 213 4.000000 0.607059
168 75 213 4.123106 0.613961
174 92 213 17.204651 0.658142
173 93 213 17.204651 0.614794
172 96 213 17.378147 0.622864
152 109 213 7.483315 0.605648
136 112 213 15.033297 0.605065
131 114 213 14.071247 0.648106
127 116 213 12.806249 0.650949
124 117 213 11.575837 0.606463
174 92 214 17.464249 0.720774
135 111 214 15.556349 0.632495
137 112 214 15.033297 0.619203
138 112 214 14.730920 0.601905
140 113 214 14.352700 0.754719
143 114 214 13.304134 0.701021
144 114 214 12.767145 0.628438
126 116 214 12.688578 0.677178
59 57 215 2.828427 0.690121
67 68 215 9.899495 0.609378
176 89 215 17.000000 0.651934
175 91 215 17.464249 0.623220
174 93 215 17.549929 0.664730
172 97 215 17.464249 0.711637
172 98 215 17.088007 0.634354
135 108 215 14.456832 0.604978
135 110 215 15.524175 0.623174
135 111 215 16.031219 0.857346
143 114 215 13.152946 0.650793
146 114 215 11.874342 0.617310
127 115 215 13.304134 0.685710
174 94 216 17.691807 0.663958
173 96 216 17.720045 0.701424
135 111 216 15.905973 0.614470
137 112 216 15.165751 0.677881
128 114 216 13.856406 0.647230
143 114 216 12.884099 0.610229
177 88 217 17.000000 0.603703
177 89 217 17.349352 0.686037
176 90 217 17.691807 0.689157
175 92 217 17.832554 0.657211
174 95 217 17.916473 0.760334
173 97 217 17.720045 0.654402
134 109 217 15.394804 0.660395
134 110 217 15.937377 0.669081
134 111 217 16.124516 0.733728
131 112 217 15.033297 0.632465
129 113 217 14.456832 0.781327
184 79 218 10.049875 0.611538
178 86 218 16.248077 0.659903
178 87 218 16.583124 0.615411
176 90 218 17.691807 0.723614
175 93 218 17.916473 0.746441
173 97 218 17.748240 0.618025
173 98 218 17.691807 0.772957
134 111 218 16.031219 0.667678
129 113 218 14.282857 0.639187
179 85 219 15.748015 0.701098
176 90 219 17.435596 0.649414
175 93 219 17.720045 0.676760
173 98 219 17.691807 0.753998
135 111 219 15.620500 0.602523
129 113 219 14.177447 0.655318
176 90 220 17.233688 0.680843
175 92 220 17.492855 0.661837
173 98 220 17.492855 0.637011
134 110 220 15.811388 0.654982
133 111 220 15.620500 0.613639
131 112 220 14.866069 0.634307
139 112 220 13.490738 0.617095
129 113 220 14.071247 0.614715
145 114 220 11.747340 0.724498
177 88 221 16.401220 0.605469
174 95 221 17.464249 0.669720
163 99 221 11.357817 0.613955
155 106 221 6.403124 0.637250
154 107 221 6.403124 0.630926
134 110 221 15.842979 0.710447
131 112 221 14.866069 0.696622
129 113 221 14.035668 0.606313
145 114 221 11.575837 0.603683
177 88 222 16.309507 0.717339
175 91 222 17.000000 0.665831
173 97 222 17.521416 0.684732
134 110 222 15.937377 0.782439
140 112 222 13.076696 0.624507
129 113 222 14.035668 0.616218
143 113 222 12.041595 0.629975
176 89 223 16.278820 0.649872
174 94 223 17.029387 0.633726
173 97 223 17.578396 0.833078
134 110 223 16.062378 0.850346
129 113 223 14.035668 0.641974
160 85 224 4.123106 0.601217
180 85 224 14.282857 0.616654
178 86 224 15.165751 0.617924
148 90 224 6.403124 0.642960
175 90 224 16.278820 0.612366
174 92 224 16.763054 0.690262
173 96 224 17.262676 0.649500
173 98 224 17.029387 0.615023
134 110 224 16.031219 0.779009
135 110 224 15.811388 0.671566
141 112 224 13.000000 0.619420
144 113 224 12.165525 0.612103
127 114 224 13.152946 0.618374
149 82 225 6.633250 0.639768
150 82 225 6.633250 0.670446
179 85 225 14.456832 0.633183
173 95 225 17.029387 0.690395
172 97 225 17.117243 0.623587
134 110 225 15.811388 0.644034
136 110 225 15.427249 0.600480
132 111 225 15.132746 0.693425
145 113 225 12.328828 0.705464
127 114 225 13.304134 0.729666
173 93 226 16.583124 0.612733
172 97 226 17.204651 0.750862
162 99 226 11.874342 0.607094
173 99 226 16.278820 0.600359
134 110 226 15.524175 0.623069
137 110 226 15.132746 0.657953
132 111 226 14.866069 0.616736
140 111 226 13.928389 0.655481
130 112 226 14.352700 0.754586
127 114 226 13.152946 0.602003
178 85 227 13.964240 0.630568
173 92 227 16.401220 0.670490
172 96 227 17.000000 0.611458
172 97 227 17.000000 0.639408
136 107 227 14.798649 0.605988
136 108 227 15.297058 0.636951
136 109 227 15.556349 0.728745
139 110 227 14.422205 0.628117
144 112 227 13.038404 0.650887
128 113 227 13.601471 0.753647
145 113 227 12.688578 0.610950
126 114 227 12.727922 0.635139
149 84 228 8.602325 0.611115
141 110 228 13.856406 0.618521
126 114 228 12.649111 0.675039
149 85 229 9.433981 0.661063
172 92 229 16.309507 0.665064
171 96 229 17.000000 0.647087
171 97 229 16.911535 0.667242
173 101 229 14.966630 0.659843
137 108 229 15.132746 0.610698
138 108 229 15.165751 0.664795
146 111 229 13.076696 0.615482
129 113 229 13.000000 0.610121
125 114 229 12.000000 0.610151
173 90 230 15.524175 0.705053
171 93 230 16.583124 0.765974
171 94 230 16.583124 0.604678
170 96 230 17.000000 0.670212
138 107 230 15.165751 0.622508
142 109 230 13.928389 0.623030
131 112 230 13.000000 0.603075
129 113 230 12.688578 0.658669
125 114 230 11.789826 0.642344
175 87 231 14.177447 0.670718
169 96 231 16.763054 0.747686
165 97 231 15.033297 0.605177
166 97 231 15.394804 0.626915
139 107 231 15.362291 0.831932
147 110 231 13.416408 0.739071
129 113 231 12.328828 0.654052
125 114 231 11.489125 0.654232
177 84 232 13.152946 0.657749
176 85 232 13.674794 0.731634
169 92 232 15.779734 0.647568
168 95 232 16.248077 0.630471
166 96 232 15.652476 0.702539
164 97 232 14.899665 0.659318
161 98 232 14.352700 0.722989
162 98 232 14.317822 0.615877
140 106 232 15.066519 0.704789
145 108 232 13.601471 0.635405
148 109 232 13.601471 0.783456
129 113 232 11.916375 0.601802
125 114 232 11.180340 0.686864
126 114 232 11.401754 0.623759
176 84 233 13.341664 0.682022
173 87 233 13.892444 0.612841
167 92 233 15.394804 0.602780
167 93 233 15.684387 0.654881
165 95 233 15.165751 0.631454
162 97 233 14.525839 0.629242
159 98 233 14.456832 0.602140
158 99 233 14.456832 0.623808
141 105 233 14.966630 0.713552
146 107 233 13.747727 0.635592
149 108 233 13.784049 0.706349
132 111 233 12.206555 0.613441
126 114 233 11.045361 0.610343
175 84 234 13.304134 0.637422
166 91 234 14.899665 0.654432
162 95 234 14.352700 0.612635
159 97 234 14.491377 0.656085
157 98 234 14.899665 0.706673
155 101 234 14.317822 0.614744
154 103 234 13.856406 0.627351
142 104 234 15.033297 0.695666
153 104 234 13.856406 0.653333
152 105 234 13.856406 0.626455
147 106 234 14.035668 0.612572
151 106 234 13.928389 0.668879
149 107 234 14.035668 0.656499
150 107 234 14.000000 0.730279
130 112 234 11.445523 0.621961
175 83 235 13.114877 0.721667
171 86 235 13.416408 0.670008
165 90 235 14.317822 0.628299
164 91 235 14.594520 0.709882
163 92 235 14.456832 0.674505
162 93 235 14.247807 0.625524
161 94 235 14.177447 0.628594
159 95 235 14.212670 0.607553
156 97 235 14.866069 0.600145
154 100 235 14.866069 0.641690
153 102 235 14.525839 0.686008
143 103 235 15.264338 0.644569
152 103 235 14.456832 0.705698
151 104 235 14.456832 0.747324
148 105 235 14.491377 0.691823
149 105 235 14.456832 0.701358
128 113 235 10.862781 0.603721
175 82 236 12.688578 0.600329
172 84 236 13.038404 0.635475
170 85 236 13.038404 0.682850
168 86 236 13.000000 0.632380
161 91 236 14.247807 0.743994
162 91 236 14.177447 0.618300
160 92 236 14.177447 0.602801
159 93 236 14.247807 0.632317
158 94 236 14.352700 0.632078
156 95 236 14.696939 0.622223
152 96 236 15.779734 0.661757
153 96 236 15.556349 0.616154
152 97 236 15.588457 0.609024
153 97 236 15.524175 0.655704
152 98 236 15.394804 0.648268
151 100 236 15.066519 0.679954
143 102 236 15.588457 0.668162
144 102 236 15.684387 0.641956
145 102 236 15.556349 0.607283
148 102 236 15.066519 0.642941
128 113 236 10.630146 0.662094
173 82 237 12.806249 0.675319
174 82 237 12.727922 0.618386
171 83 237 12.649111 0.631212
166 86 237 12.688578 0.662870
165 87 237 12.845233 0.641196
164 88 237 13.076696 0.609728
159 91 237 14.177447 0.647703
157 92 237 14.594520 0.612917
149 93 237 16.401220 0.775163
156 93 237 14.866069 0.659622
147 94 237 16.248077 0.650858
148 94 237 16.401220 0.625435
149 94 237 16.552946 0.777686
150 94 237 16.370705 0.712960
154 94 237 15.297058 0.619501
149 95 237 16.401220 0.689440
150 95 237 16.309507 0.703526
149 96 237 16.155495 0.642775
148 97 237 16.031219 0.649357
147 98 237 16.000000 0.664373
144 99 237 16.062378 0.610816
145 99 237 16.155495 0.606016
146 99 237 16.031219 0.666700
144 100 237 16.155495 0.748539
145 100 237 16.031219 0.607523
144 101 237 15.937377 0.637548
133 110 237 11.532562 0.647468
131 111 237 11.224972 0.667783
129 112 237 10.677078 0.658754
169 82 238 12.083046 0.702295
168 83 238 12.083046 0.690031
167 84 238 12.083046 0.630075
153 92 238 15.524175 0.676778
154 92 238 15.427249 0.758608
155 92 238 15.132746 0.667011
145 97 238 16.340136 0.612758
138 106 238 12.247449 0.631480
131 111 238 11.000000 0.666061
174 81 239 12.000000 0.727877
131 111 239 10.723805 0.634950
145 121 239 3.605551 0.647801
143 98 240 15.000000 0.601399
133 109 240 10.630146 0.623828
130 111 240 10.295630 0.681752
131 111 240 10.392304 0.604362
169 80 241 10.677078 0.616369
174 80 241 11.000000 0.712839
134 108 241 10.630146 0.673451
163 85 242 10.723805 0.612235
153 88 242 13.000000 0.637877
143 95 242 13.892444 0.602745
138 105 242 11.704700 0.646105
135 107 242 10.630146 0.624317
170 79 243 9.949874 0.718516
171 79 243 9.899495 0.607663
172 79 243 9.949874 0.631051
173 79 243 10.000000 0.628240
174 79 243 10.000000 0.705904
161 86 243 11.000000 0.609529
159 87 243 11.747340 0.650009
137 105 243 11.224972 0.667694
160 86 244 11.000000 0.641752
136 105 244 10.630146 0.687239
154 86 245 11.090536 0.627117
165 82 246 8.124039 0.676145
126 111 246 5.000000 0.606076
163 83 247 8.246211 0.628202
152 83 248 8.944272 0.654190
153 83 248 9.000000 0.616361
154 83 248 9.000000 0.611490
152 82 250 7.810250 0.602820
154 82 250 8.000000 0.606439
156 82 250 8.000000 0.655903
157 82 250 7.810250 0.662930
132 100 250 5.744563 0.629568
132 101 250 5.830952 0.622866
